<?xml version="1.0" encoding="UTF-8"?>
<coverage generated="1654635071009" clover="3.2.0">
  <project timestamp="1654635071009" name="All files">
    <metrics statements="536" coveredstatements="259" conditionals="209" coveredconditionals="91" methods="180" coveredmethods="61" elements="925" coveredelements="411" complexity="0" loc="536" ncloc="536" packages="24" files="30" classes="30"/>
    <package name="product-overview-module">
      <metrics statements="34" coveredstatements="29" conditionals="9" coveredconditionals="6" methods="11" coveredmethods="8"/>
      <file name="ProductOverview.jsx" path="/Users/shengnanhuang/Desktop/HR/rpp35/fec-capstone/client/src/components/product-overview-module/ProductOverview.jsx">
        <metrics statements="34" coveredstatements="29" conditionals="9" coveredconditionals="6" methods="11" coveredmethods="8"/>
        <line num="12" count="1" type="stmt"/>
        <line num="13" count="12" type="stmt"/>
        <line num="14" count="12" type="stmt"/>
        <line num="15" count="12" type="stmt"/>
        <line num="16" count="12" type="stmt"/>
        <line num="17" count="12" type="stmt"/>
        <line num="18" count="12" type="stmt"/>
        <line num="19" count="12" type="stmt"/>
        <line num="21" count="12" type="stmt"/>
        <line num="22" count="5" type="stmt"/>
        <line num="30" count="5" type="stmt"/>
        <line num="31" count="5" type="stmt"/>
        <line num="32" count="5" type="stmt"/>
        <line num="33" count="5" type="stmt"/>
        <line num="36" count="5" type="stmt"/>
        <line num="37" count="5" type="stmt"/>
        <line num="41" count="0" type="stmt"/>
        <line num="45" count="12" type="stmt"/>
        <line num="46" count="1" type="stmt"/>
        <line num="50" count="12" type="stmt"/>
        <line num="51" count="1" type="stmt"/>
        <line num="55" count="12" type="stmt"/>
        <line num="56" count="5" type="stmt"/>
        <line num="57" count="5" type="stmt"/>
        <line num="58" count="15" type="stmt"/>
        <line num="60" count="5" type="stmt"/>
        <line num="64" count="12" type="stmt"/>
        <line num="65" count="0" type="stmt"/>
        <line num="66" count="0" type="cond" truecount="0" falsecount="2"/>
        <line num="67" count="0" type="stmt"/>
        <line num="72" count="12" type="cond" truecount="1" falsecount="1"/>
        <line num="73" count="12" type="stmt"/>
        <line num="128" count="5" type="stmt"/>
        <line num="147" count="0" type="stmt"/>
      </file>
    </package>
    <package name="product-overview-module.add-to-cart">
      <metrics statements="38" coveredstatements="26" conditionals="12" coveredconditionals="7" methods="11" coveredmethods="5"/>
      <file name="AddToCart.jsx" path="/Users/shengnanhuang/Desktop/HR/rpp35/fec-capstone/client/src/components/product-overview-module/add-to-cart/AddToCart.jsx">
        <metrics statements="38" coveredstatements="26" conditionals="12" coveredconditionals="7" methods="11" coveredmethods="5"/>
        <line num="7" count="2" type="stmt"/>
        <line num="8" count="9" type="stmt"/>
        <line num="9" count="9" type="stmt"/>
        <line num="10" count="9" type="stmt"/>
        <line num="11" count="9" type="stmt"/>
        <line num="14" count="9" type="stmt"/>
        <line num="15" count="23" type="stmt"/>
        <line num="19" count="9" type="stmt"/>
        <line num="20" count="1" type="stmt"/>
        <line num="21" count="1" type="stmt"/>
        <line num="23" count="1" type="stmt"/>
        <line num="24" count="2" type="cond" truecount="2" falsecount="0"/>
        <line num="25" count="1" type="stmt"/>
        <line num="26" count="1" type="cond" truecount="1" falsecount="1"/>
        <line num="27" count="0" type="stmt"/>
        <line num="29" count="1" type="stmt"/>
        <line num="34" count="1" type="stmt"/>
        <line num="35" count="8" type="stmt"/>
        <line num="37" count="1" type="stmt"/>
        <line num="41" count="9" type="stmt"/>
        <line num="42" count="0" type="stmt"/>
        <line num="43" count="0" type="cond" truecount="0" falsecount="2"/>
        <line num="44" count="0" type="stmt"/>
        <line num="46" count="0" type="stmt"/>
        <line num="47" count="0" type="stmt"/>
        <line num="48" count="0" type="stmt"/>
        <line num="50" count="0" type="stmt"/>
        <line num="51" count="0" type="stmt"/>
        <line num="57" count="9" type="cond" truecount="1" falsecount="1"/>
        <line num="58" count="9" type="stmt"/>
        <line num="63" count="9" type="stmt"/>
        <line num="64" count="0" type="stmt"/>
        <line num="67" count="9" type="stmt"/>
        <line num="68" count="0" type="stmt"/>
        <line num="71" count="9" type="stmt"/>
        <line num="83" count="23" type="stmt"/>
        <line num="86" count="0" type="stmt"/>
        <line num="101" count="8" type="stmt"/>
      </file>
    </package>
    <package name="product-overview-module.image-gallery.image-view">
      <metrics statements="13" coveredstatements="13" conditionals="12" coveredconditionals="10" methods="4" coveredmethods="4"/>
      <file name="ImageView.jsx" path="/Users/shengnanhuang/Desktop/HR/rpp35/fec-capstone/client/src/components/product-overview-module/image-gallery/image-view/ImageView.jsx">
        <metrics statements="13" coveredstatements="13" conditionals="12" coveredconditionals="10" methods="4" coveredmethods="4"/>
        <line num="12" count="2" type="stmt"/>
        <line num="20" count="12" type="stmt"/>
        <line num="23" count="12" type="stmt"/>
        <line num="24" count="1" type="cond" truecount="1" falsecount="1"/>
        <line num="25" count="1" type="stmt"/>
        <line num="26" count="1" type="stmt"/>
        <line num="31" count="12" type="stmt"/>
        <line num="32" count="1" type="cond" truecount="1" falsecount="1"/>
        <line num="33" count="1" type="stmt"/>
        <line num="34" count="1" type="stmt"/>
        <line num="39" count="12" type="stmt"/>
        <line num="40" count="1" type="stmt"/>
        <line num="43" count="12" type="stmt"/>
      </file>
    </package>
    <package name="product-overview-module.image-gallery.image-view-item">
      <metrics statements="17" coveredstatements="17" conditionals="10" coveredconditionals="8" methods="4" coveredmethods="4"/>
      <file name="ImageViewItem.jsx" path="/Users/shengnanhuang/Desktop/HR/rpp35/fec-capstone/client/src/components/product-overview-module/image-gallery/image-view-item/ImageViewItem.jsx">
        <metrics statements="17" coveredstatements="17" conditionals="10" coveredconditionals="8" methods="4" coveredmethods="4"/>
        <line num="8" count="3" type="stmt"/>
        <line num="16" count="14" type="stmt"/>
        <line num="17" count="14" type="stmt"/>
        <line num="21" count="14" type="stmt"/>
        <line num="27" count="14" type="stmt"/>
        <line num="28" count="1" type="stmt"/>
        <line num="32" count="14" type="stmt"/>
        <line num="33" count="1" type="stmt"/>
        <line num="34" count="1" type="stmt"/>
        <line num="41" count="14" type="stmt"/>
        <line num="42" count="1" type="stmt"/>
        <line num="46" count="1" type="stmt"/>
        <line num="47" count="1" type="stmt"/>
        <line num="51" count="14" type="stmt"/>
        <line num="57" count="14" type="cond" truecount="2" falsecount="0"/>
        <line num="58" count="3" type="stmt"/>
        <line num="99" count="11" type="stmt"/>
      </file>
    </package>
    <package name="product-overview-module.image-gallery.image-view-thumbnail-item">
      <metrics statements="7" coveredstatements="7" conditionals="6" coveredconditionals="6" methods="2" coveredmethods="2"/>
      <file name="ImageViewThumbnailItem.jsx" path="/Users/shengnanhuang/Desktop/HR/rpp35/fec-capstone/client/src/components/product-overview-module/image-gallery/image-view-thumbnail-item/ImageViewThumbnailItem.jsx">
        <metrics statements="7" coveredstatements="7" conditionals="6" coveredconditionals="6" methods="2" coveredmethods="2"/>
        <line num="6" count="4" type="stmt"/>
        <line num="13" count="27" type="stmt"/>
        <line num="14" count="1" type="stmt"/>
        <line num="18" count="27" type="cond" truecount="2" falsecount="0"/>
        <line num="19" count="15" type="stmt"/>
        <line num="21" count="12" type="stmt"/>
        <line num="24" count="27" type="stmt"/>
      </file>
    </package>
    <package name="product-overview-module.image-gallery.image-view-thumbnails">
      <metrics statements="12" coveredstatements="6" conditionals="14" coveredconditionals="8" methods="4" coveredmethods="2"/>
      <file name="ImageViewThumbnails.jsx" path="/Users/shengnanhuang/Desktop/HR/rpp35/fec-capstone/client/src/components/product-overview-module/image-gallery/image-view-thumbnails/ImageViewThumbnails.jsx">
        <metrics statements="12" coveredstatements="6" conditionals="14" coveredconditionals="8" methods="4" coveredmethods="2"/>
        <line num="9" count="3" type="stmt"/>
        <line num="17" count="12" type="stmt"/>
        <line num="20" count="0" type="stmt"/>
        <line num="25" count="29" type="cond" truecount="1" falsecount="1"/>
        <line num="26" count="0" type="cond" truecount="0" falsecount="4"/>
        <line num="27" count="0" type="stmt"/>
        <line num="38" count="0" type="stmt"/>
        <line num="40" count="29" type="cond" truecount="2" falsecount="0"/>
        <line num="41" count="26" type="cond" truecount="1" falsecount="1"/>
        <line num="42" count="26" type="stmt"/>
        <line num="53" count="0" type="stmt"/>
        <line num="58" count="0" type="stmt"/>
      </file>
    </package>
    <package name="product-overview-module.navbar">
      <metrics statements="2" coveredstatements="1" conditionals="0" coveredconditionals="0" methods="1" coveredmethods="0"/>
      <file name="Nav.jsx" path="/Users/shengnanhuang/Desktop/HR/rpp35/fec-capstone/client/src/components/product-overview-module/navbar/Nav.jsx">
        <metrics statements="2" coveredstatements="1" conditionals="0" coveredconditionals="0" methods="1" coveredmethods="0"/>
        <line num="11" count="1" type="stmt"/>
        <line num="12" count="0" type="stmt"/>
      </file>
    </package>
    <package name="product-overview-module.product-information">
      <metrics statements="14" coveredstatements="13" conditionals="10" coveredconditionals="8" methods="2" coveredmethods="2"/>
      <file name="ProductInformation.jsx" path="/Users/shengnanhuang/Desktop/HR/rpp35/fec-capstone/client/src/components/product-overview-module/product-information/ProductInformation.jsx">
        <metrics statements="14" coveredstatements="13" conditionals="10" coveredconditionals="8" methods="2" coveredmethods="2"/>
        <line num="7" count="2" type="stmt"/>
        <line num="19" count="6" type="stmt"/>
        <line num="21" count="6" type="stmt"/>
        <line num="22" count="6" type="stmt"/>
        <line num="23" count="6" type="stmt"/>
        <line num="24" count="30" type="cond" truecount="3" falsecount="1"/>
        <line num="25" count="0" type="stmt"/>
        <line num="26" count="30" type="cond" truecount="2" falsecount="0"/>
        <line num="27" count="11" type="stmt"/>
        <line num="28" count="19" type="cond" truecount="1" falsecount="1"/>
        <line num="29" count="19" type="stmt"/>
        <line num="31" count="30" type="stmt"/>
        <line num="34" count="6" type="stmt"/>
        <line num="38" count="30" type="stmt"/>
      </file>
    </package>
    <package name="product-overview-module.product-information.star">
      <metrics statements="2" coveredstatements="2" conditionals="8" coveredconditionals="8" methods="1" coveredmethods="1"/>
      <file name="Star.jsx" path="/Users/shengnanhuang/Desktop/HR/rpp35/fec-capstone/client/src/components/product-overview-module/product-information/star/Star.jsx">
        <metrics statements="2" coveredstatements="2" conditionals="8" coveredconditionals="8" methods="1" coveredmethods="1"/>
        <line num="4" count="3" type="stmt"/>
        <line num="5" count="31" type="stmt"/>
      </file>
    </package>
    <package name="product-overview-module.style-selector.style-select">
      <metrics statements="3" coveredstatements="3" conditionals="0" coveredconditionals="0" methods="2" coveredmethods="2"/>
      <file name="StyleSelect.jsx" path="/Users/shengnanhuang/Desktop/HR/rpp35/fec-capstone/client/src/components/product-overview-module/style-selector/style-select/StyleSelect.jsx">
        <metrics statements="3" coveredstatements="3" conditionals="0" coveredconditionals="0" methods="2" coveredmethods="2"/>
        <line num="6" count="2" type="stmt"/>
        <line num="7" count="6" type="stmt"/>
        <line num="17" count="10" type="stmt"/>
      </file>
    </package>
    <package name="product-overview-module.style-selector.style-select-item">
      <metrics statements="5" coveredstatements="4" conditionals="6" coveredconditionals="5" methods="2" coveredmethods="1"/>
      <file name="StyleSelectItem.jsx" path="/Users/shengnanhuang/Desktop/HR/rpp35/fec-capstone/client/src/components/product-overview-module/style-selector/style-select-item/StyleSelectItem.jsx">
        <metrics statements="5" coveredstatements="4" conditionals="6" coveredconditionals="5" methods="2" coveredmethods="1"/>
        <line num="7" count="3" type="stmt"/>
        <line num="8" count="13" type="stmt"/>
        <line num="9" count="13" type="stmt"/>
        <line num="10" count="0" type="stmt"/>
        <line num="13" count="13" type="stmt"/>
      </file>
    </package>
    <package name="questions-answers-module">
      <metrics statements="54" coveredstatements="15" conditionals="32" coveredconditionals="4" methods="14" coveredmethods="5"/>
      <file name="questionsAnswers.jsx" path="/Users/shengnanhuang/Desktop/HR/rpp35/fec-capstone/client/src/components/questions-answers-module/questionsAnswers.jsx">
        <metrics statements="54" coveredstatements="15" conditionals="32" coveredconditionals="4" methods="14" coveredmethods="5"/>
        <line num="19" count="1" type="stmt"/>
        <line num="20" count="1" type="stmt"/>
        <line num="29" count="1" type="stmt"/>
        <line num="30" count="1" type="stmt"/>
        <line num="31" count="1" type="stmt"/>
        <line num="32" count="1" type="stmt"/>
        <line num="36" count="0" type="stmt"/>
        <line num="37" count="0" type="stmt"/>
        <line num="38" count="0" type="stmt"/>
        <line num="39" count="0" type="stmt"/>
        <line num="43" count="0" type="stmt"/>
        <line num="47" count="1" type="stmt"/>
        <line num="49" count="0" type="stmt"/>
        <line num="52" count="0" type="stmt"/>
        <line num="57" count="1" type="stmt"/>
        <line num="59" count="0" type="stmt"/>
        <line num="62" count="0" type="stmt"/>
        <line num="67" count="0" type="stmt"/>
        <line num="69" count="0" type="cond" truecount="0" falsecount="2"/>
        <line num="70" count="0" type="stmt"/>
        <line num="71" count="0" type="cond" truecount="0" falsecount="2"/>
        <line num="72" count="0" type="stmt"/>
        <line num="73" count="0" type="cond" truecount="0" falsecount="2"/>
        <line num="74" count="0" type="stmt"/>
        <line num="75" count="0" type="cond" truecount="0" falsecount="2"/>
        <line num="76" count="0" type="stmt"/>
        <line num="77" count="0" type="cond" truecount="0" falsecount="2"/>
        <line num="78" count="0" type="stmt"/>
        <line num="79" count="0" type="cond" truecount="0" falsecount="2"/>
        <line num="80" count="0" type="stmt"/>
        <line num="81" count="0" type="cond" truecount="0" falsecount="2"/>
        <line num="82" count="0" type="stmt"/>
        <line num="83" count="0" type="cond" truecount="0" falsecount="2"/>
        <line num="84" count="0" type="stmt"/>
        <line num="85" count="0" type="cond" truecount="0" falsecount="2"/>
        <line num="86" count="0" type="stmt"/>
        <line num="87" count="0" type="cond" truecount="0" falsecount="2"/>
        <line num="88" count="0" type="stmt"/>
        <line num="89" count="0" type="cond" truecount="0" falsecount="2"/>
        <line num="90" count="0" type="stmt"/>
        <line num="91" count="0" type="cond" truecount="0" falsecount="2"/>
        <line num="92" count="0" type="stmt"/>
        <line num="95" count="0" type="stmt"/>
        <line num="99" count="1" type="stmt"/>
        <line num="100" count="1" type="stmt"/>
        <line num="106" count="1" type="cond" truecount="1" falsecount="1"/>
        <line num="107" count="0" type="stmt"/>
        <line num="109" count="1" type="stmt"/>
        <line num="113" count="1" type="cond" truecount="1" falsecount="1"/>
        <line num="114" count="0" type="stmt"/>
        <line num="124" count="1" type="cond" truecount="1" falsecount="1"/>
        <line num="125" count="0" type="stmt"/>
        <line num="136" count="1" type="stmt"/>
        <line num="151" count="0" type="stmt"/>
      </file>
    </package>
    <package name="questions-answers-module.add-answer">
      <metrics statements="21" coveredstatements="0" conditionals="0" coveredconditionals="0" methods="7" coveredmethods="0"/>
      <file name="addAnswer.jsx" path="/Users/shengnanhuang/Desktop/HR/rpp35/fec-capstone/client/src/components/questions-answers-module/add-answer/addAnswer.jsx">
        <metrics statements="21" coveredstatements="0" conditionals="0" coveredconditionals="0" methods="7" coveredmethods="0"/>
        <line num="10" count="0" type="stmt"/>
        <line num="11" count="0" type="stmt"/>
        <line num="12" count="0" type="stmt"/>
        <line num="14" count="0" type="stmt"/>
        <line num="15" count="0" type="stmt"/>
        <line num="16" count="0" type="stmt"/>
        <line num="17" count="0" type="stmt"/>
        <line num="18" count="0" type="stmt"/>
        <line num="19" count="0" type="stmt"/>
        <line num="20" count="0" type="stmt"/>
        <line num="24" count="0" type="stmt"/>
        <line num="25" count="0" type="stmt"/>
        <line num="30" count="0" type="stmt"/>
        <line num="36" count="0" type="stmt"/>
        <line num="44" count="0" type="stmt"/>
        <line num="53" count="0" type="stmt"/>
        <line num="54" count="0" type="stmt"/>
        <line num="55" count="0" type="stmt"/>
        <line num="57" count="0" type="stmt"/>
        <line num="59" count="0" type="stmt"/>
        <line num="121" count="0" type="stmt"/>
      </file>
    </package>
    <package name="questions-answers-module.add-question">
      <metrics statements="18" coveredstatements="0" conditionals="0" coveredconditionals="0" methods="7" coveredmethods="0"/>
      <file name="addQuestion.jsx" path="/Users/shengnanhuang/Desktop/HR/rpp35/fec-capstone/client/src/components/questions-answers-module/add-question/addQuestion.jsx">
        <metrics statements="18" coveredstatements="0" conditionals="0" coveredconditionals="0" methods="7" coveredmethods="0"/>
        <line num="13" count="0" type="stmt"/>
        <line num="14" count="0" type="stmt"/>
        <line num="15" count="0" type="stmt"/>
        <line num="17" count="0" type="stmt"/>
        <line num="18" count="0" type="stmt"/>
        <line num="19" count="0" type="stmt"/>
        <line num="20" count="0" type="stmt"/>
        <line num="21" count="0" type="stmt"/>
        <line num="22" count="0" type="stmt"/>
        <line num="26" count="0" type="stmt"/>
        <line num="27" count="0" type="stmt"/>
        <line num="32" count="0" type="stmt"/>
        <line num="38" count="0" type="stmt"/>
        <line num="47" count="0" type="stmt"/>
        <line num="57" count="0" type="stmt"/>
        <line num="58" count="0" type="stmt"/>
        <line num="59" count="0" type="stmt"/>
        <line num="114" count="0" type="stmt"/>
      </file>
    </package>
    <package name="questions-answers-module.answer">
      <metrics statements="16" coveredstatements="0" conditionals="4" coveredconditionals="0" methods="9" coveredmethods="0"/>
      <file name="answer.jsx" path="/Users/shengnanhuang/Desktop/HR/rpp35/fec-capstone/client/src/components/questions-answers-module/answer/answer.jsx">
        <metrics statements="16" coveredstatements="0" conditionals="4" coveredconditionals="0" methods="9" coveredmethods="0"/>
        <line num="10" count="0" type="stmt"/>
        <line num="15" count="0" type="stmt"/>
        <line num="22" count="0" type="stmt"/>
        <line num="31" count="0" type="stmt"/>
        <line num="36" count="0" type="stmt"/>
        <line num="40" count="0" type="stmt"/>
        <line num="50" count="0" type="cond" truecount="0" falsecount="2"/>
        <line num="51" count="0" type="stmt"/>
        <line num="57" count="0" type="stmt"/>
        <line num="59" count="0" type="stmt"/>
        <line num="73" count="0" type="stmt"/>
        <line num="74" count="0" type="cond" truecount="0" falsecount="2"/>
        <line num="75" count="0" type="stmt"/>
        <line num="76" count="0" type="stmt"/>
        <line num="86" count="0" type="stmt"/>
        <line num="88" count="0" type="stmt"/>
      </file>
    </package>
    <package name="questions-answers-module.answer-list">
      <metrics statements="19" coveredstatements="0" conditionals="2" coveredconditionals="0" methods="9" coveredmethods="0"/>
      <file name="answersList.jsx" path="/Users/shengnanhuang/Desktop/HR/rpp35/fec-capstone/client/src/components/questions-answers-module/answer-list/answersList.jsx">
        <metrics statements="19" coveredstatements="0" conditionals="2" coveredconditionals="0" methods="9" coveredmethods="0"/>
        <line num="12" count="0" type="stmt"/>
        <line num="13" count="0" type="stmt"/>
        <line num="17" count="0" type="stmt"/>
        <line num="18" count="0" type="stmt"/>
        <line num="22" count="0" type="stmt"/>
        <line num="27" count="0" type="stmt"/>
        <line num="33" count="0" type="stmt"/>
        <line num="38" count="0" type="stmt"/>
        <line num="39" count="0" type="stmt"/>
        <line num="40" count="0" type="stmt"/>
        <line num="41" count="0" type="stmt"/>
        <line num="48" count="0" type="stmt"/>
        <line num="49" count="0" type="stmt"/>
        <line num="54" count="0" type="cond" truecount="0" falsecount="2"/>
        <line num="55" count="0" type="stmt"/>
        <line num="58" count="0" type="stmt"/>
        <line num="65" count="0" type="stmt"/>
        <line num="68" count="0" type="stmt"/>
        <line num="71" count="0" type="stmt"/>
      </file>
    </package>
    <package name="questions-answers-module.question">
      <metrics statements="20" coveredstatements="0" conditionals="4" coveredconditionals="0" methods="11" coveredmethods="0"/>
      <file name="question.jsx" path="/Users/shengnanhuang/Desktop/HR/rpp35/fec-capstone/client/src/components/questions-answers-module/question/question.jsx">
        <metrics statements="20" coveredstatements="0" conditionals="4" coveredconditionals="0" methods="11" coveredmethods="0"/>
        <line num="14" count="0" type="stmt"/>
        <line num="19" count="0" type="stmt"/>
        <line num="25" count="0" type="stmt"/>
        <line num="33" count="0" type="stmt"/>
        <line num="38" count="0" type="stmt"/>
        <line num="44" count="0" type="stmt"/>
        <line num="53" count="0" type="stmt"/>
        <line num="55" count="0" type="cond" truecount="0" falsecount="2"/>
        <line num="57" count="0" type="stmt"/>
        <line num="59" count="0" type="stmt"/>
        <line num="64" count="0" type="stmt"/>
        <line num="65" count="0" type="stmt"/>
        <line num="69" count="0" type="stmt"/>
        <line num="76" count="0" type="stmt"/>
        <line num="88" count="0" type="stmt"/>
        <line num="90" count="0" type="cond" truecount="0" falsecount="2"/>
        <line num="92" count="0" type="stmt"/>
        <line num="94" count="0" type="stmt"/>
        <line num="104" count="0" type="stmt"/>
        <line num="106" count="0" type="stmt"/>
      </file>
    </package>
    <package name="questions-answers-module.question-list">
      <metrics statements="2" coveredstatements="1" conditionals="0" coveredconditionals="0" methods="2" coveredmethods="1"/>
      <file name="questionsList.jsx" path="/Users/shengnanhuang/Desktop/HR/rpp35/fec-capstone/client/src/components/questions-answers-module/question-list/questionsList.jsx">
        <metrics statements="2" coveredstatements="1" conditionals="0" coveredconditionals="0" methods="2" coveredmethods="1"/>
        <line num="10" count="1" type="stmt"/>
        <line num="13" count="0" type="stmt"/>
      </file>
    </package>
    <package name="questions-answers-module.search">
      <metrics statements="17" coveredstatements="5" conditionals="6" coveredconditionals="0" methods="6" coveredmethods="2"/>
      <file name="search.jsx" path="/Users/shengnanhuang/Desktop/HR/rpp35/fec-capstone/client/src/components/questions-answers-module/search/search.jsx">
        <metrics statements="17" coveredstatements="5" conditionals="6" coveredconditionals="0" methods="6" coveredmethods="2"/>
        <line num="6" count="1" type="stmt"/>
        <line num="7" count="1" type="stmt"/>
        <line num="11" count="1" type="stmt"/>
        <line num="12" count="1" type="stmt"/>
        <line num="16" count="0" type="stmt"/>
        <line num="17" count="0" type="stmt"/>
        <line num="18" count="0" type="stmt"/>
        <line num="19" count="0" type="cond" truecount="0" falsecount="4"/>
        <line num="20" count="0" type="stmt"/>
        <line num="21" count="0" type="stmt"/>
        <line num="25" count="0" type="stmt"/>
        <line num="29" count="0" type="stmt"/>
        <line num="33" count="1" type="stmt"/>
        <line num="35" count="0" type="stmt"/>
        <line num="38" count="0" type="cond" truecount="0" falsecount="2"/>
        <line num="39" count="0" type="stmt"/>
        <line num="41" count="0" type="stmt"/>
      </file>
    </package>
    <package name="ratings&reviews">
      <metrics statements="33" coveredstatements="16" conditionals="7" coveredconditionals="1" methods="9" coveredmethods="2"/>
      <file name="RatingsAndReviews.jsx" path="/Users/shengnanhuang/Desktop/HR/rpp35/fec-capstone/client/src/components/ratings&reviews/RatingsAndReviews.jsx">
        <metrics statements="32" coveredstatements="15" conditionals="7" coveredconditionals="1" methods="9" coveredmethods="2"/>
        <line num="9" count="1" type="stmt"/>
        <line num="10" count="0" type="cond" truecount="0" falsecount="3"/>
        <line num="12" count="0" type="cond" truecount="0" falsecount="2"/>
        <line num="13" count="0" type="stmt"/>
        <line num="16" count="0" type="stmt"/>
        <line num="18" count="0" type="stmt"/>
        <line num="23" count="1" type="stmt"/>
        <line num="24" count="2" type="stmt"/>
        <line num="25" count="2" type="stmt"/>
        <line num="26" count="2" type="stmt"/>
        <line num="27" count="2" type="stmt"/>
        <line num="28" count="2" type="stmt"/>
        <line num="30" count="2" type="stmt"/>
        <line num="31" count="1" type="cond" truecount="1" falsecount="1"/>
        <line num="32" count="0" type="stmt"/>
        <line num="48" count="0" type="stmt"/>
        <line num="55" count="0" type="stmt"/>
        <line num="56" count="0" type="stmt"/>
        <line num="57" count="0" type="stmt"/>
        <line num="62" count="2" type="stmt"/>
        <line num="63" count="0" type="stmt"/>
        <line num="64" count="0" type="stmt"/>
        <line num="70" count="2" type="stmt"/>
        <line num="71" count="2" type="stmt"/>
        <line num="72" count="0" type="stmt"/>
        <line num="73" count="0" type="stmt"/>
        <line num="75" count="0" type="stmt"/>
        <line num="76" count="0" type="stmt"/>
        <line num="79" count="0" type="stmt"/>
        <line num="82" count="2" type="stmt"/>
        <line num="86" count="2" type="stmt"/>
        <line num="87" count="2" type="stmt"/>
      </file>
      <file name="sampleReviewsMeta.js" path="/Users/shengnanhuang/Desktop/HR/rpp35/fec-capstone/client/src/components/ratings&reviews/sampleReviewsMeta.js">
        <metrics statements="1" coveredstatements="1" conditionals="0" coveredconditionals="0" methods="0" coveredmethods="0"/>
        <line num="12" count="1" type="stmt"/>
      </file>
    </package>
    <package name="ratings&reviews.ratings">
      <metrics statements="34" coveredstatements="30" conditionals="4" coveredconditionals="4" methods="12" coveredmethods="10"/>
      <file name="Characteristics.jsx" path="/Users/shengnanhuang/Desktop/HR/rpp35/fec-capstone/client/src/components/ratings&reviews/ratings/Characteristics.jsx">
        <metrics statements="5" coveredstatements="5" conditionals="0" coveredconditionals="0" methods="2" coveredmethods="2"/>
        <line num="4" count="2" type="stmt"/>
        <line num="5" count="3" type="stmt"/>
        <line num="7" count="15" type="stmt"/>
        <line num="9" count="3" type="stmt"/>
        <line num="10" count="3" type="stmt"/>
      </file>
      <file name="RatingCount.jsx" path="/Users/shengnanhuang/Desktop/HR/rpp35/fec-capstone/client/src/components/ratings&reviews/ratings/RatingCount.jsx">
        <metrics statements="5" coveredstatements="3" conditionals="2" coveredconditionals="2" methods="2" coveredmethods="1"/>
        <line num="3" count="2" type="stmt"/>
        <line num="4" count="15" type="stmt"/>
        <line num="5" count="0" type="stmt"/>
        <line num="6" count="0" type="stmt"/>
        <line num="8" count="15" type="stmt"/>
      </file>
      <file name="Ratings.jsx" path="/Users/shengnanhuang/Desktop/HR/rpp35/fec-capstone/client/src/components/ratings&reviews/ratings/Ratings.jsx">
        <metrics statements="16" coveredstatements="16" conditionals="0" coveredconditionals="0" methods="4" coveredmethods="4"/>
        <line num="6" count="2" type="stmt"/>
        <line num="7" count="3" type="stmt"/>
        <line num="8" count="3" type="stmt"/>
        <line num="9" count="3" type="stmt"/>
        <line num="10" count="3" type="stmt"/>
        <line num="11" count="3" type="stmt"/>
        <line num="12" count="3" type="stmt"/>
        <line num="13" count="12" type="stmt"/>
        <line num="14" count="12" type="stmt"/>
        <line num="16" count="3" type="stmt"/>
        <line num="18" count="3" type="stmt"/>
        <line num="19" count="3" type="stmt"/>
        <line num="20" count="3" type="stmt"/>
        <line num="22" count="3" type="stmt"/>
        <line num="23" count="3" type="stmt"/>
        <line num="24" count="3" type="stmt"/>
      </file>
      <file name="RatingsList.jsx" path="/Users/shengnanhuang/Desktop/HR/rpp35/fec-capstone/client/src/components/ratings&reviews/ratings/RatingsList.jsx">
        <metrics statements="8" coveredstatements="6" conditionals="2" coveredconditionals="2" methods="4" coveredmethods="3"/>
        <line num="6" count="2" type="stmt"/>
        <line num="7" count="3" type="stmt"/>
        <line num="8" count="15" type="cond" truecount="2" falsecount="0"/>
        <line num="11" count="3" type="stmt"/>
        <line num="12" count="0" type="stmt"/>
        <line num="13" count="0" type="stmt"/>
        <line num="15" count="3" type="stmt"/>
        <line num="18" count="15" type="stmt"/>
      </file>
    </package>
    <package name="ratings&reviews.reviews">
      <metrics statements="72" coveredstatements="32" conditionals="42" coveredconditionals="14" methods="18" coveredmethods="6"/>
      <file name="ReviewTile.jsx" path="/Users/shengnanhuang/Desktop/HR/rpp35/fec-capstone/client/src/components/ratings&reviews/reviews/ReviewTile.jsx">
        <metrics statements="20" coveredstatements="13" conditionals="8" coveredconditionals="4" methods="5" coveredmethods="2"/>
        <line num="7" count="3" type="stmt"/>
        <line num="8" count="3" type="stmt"/>
        <line num="9" count="3" type="stmt"/>
        <line num="10" count="3" type="stmt"/>
        <line num="24" count="3" type="stmt"/>
        <line num="25" count="3" type="stmt"/>
        <line num="26" count="3" type="stmt"/>
        <line num="28" count="3" type="stmt"/>
        <line num="29" count="0" type="stmt"/>
        <line num="30" count="0" type="stmt"/>
        <line num="31" count="0" type="stmt"/>
        <line num="33" count="3" type="stmt"/>
        <line num="34" count="0" type="stmt"/>
        <line num="35" count="0" type="stmt"/>
        <line num="36" count="0" type="stmt"/>
        <line num="38" count="3" type="stmt"/>
        <line num="39" count="3" type="cond" truecount="1" falsecount="1"/>
        <line num="40" count="3" type="stmt"/>
        <line num="47" count="0" type="stmt"/>
        <line num="51" count="3" type="stmt"/>
      </file>
      <file name="ReviewsList.jsx" path="/Users/shengnanhuang/Desktop/HR/rpp35/fec-capstone/client/src/components/ratings&reviews/reviews/ReviewsList.jsx">
        <metrics statements="52" coveredstatements="19" conditionals="34" coveredconditionals="10" methods="13" coveredmethods="4"/>
        <line num="8" count="2" type="stmt"/>
        <line num="9" count="5" type="stmt"/>
        <line num="10" count="5" type="stmt"/>
        <line num="13" count="5" type="stmt"/>
        <line num="14" count="5" type="stmt"/>
        <line num="15" count="5" type="stmt"/>
        <line num="16" count="5" type="stmt"/>
        <line num="17" count="5" type="stmt"/>
        <line num="20" count="5" type="stmt"/>
        <line num="21" count="2" type="cond" truecount="3" falsecount="1"/>
        <line num="22" count="0" type="stmt"/>
        <line num="23" count="0" type="stmt"/>
        <line num="24" count="0" type="stmt"/>
        <line num="25" count="0" type="stmt"/>
        <line num="29" count="0" type="cond" truecount="0" falsecount="2"/>
        <line num="30" count="0" type="stmt"/>
        <line num="32" count="0" type="stmt"/>
        <line num="36" count="5" type="stmt"/>
        <line num="37" count="0" type="stmt"/>
        <line num="38" count="0" type="stmt"/>
        <line num="39" count="0" type="cond" truecount="0" falsecount="2"/>
        <line num="40" count="0" type="stmt"/>
        <line num="41" count="0" type="cond" truecount="0" falsecount="2"/>
        <line num="42" count="0" type="cond" truecount="0" falsecount="2"/>
        <line num="43" count="0" type="stmt"/>
        <line num="44" count="0" type="stmt"/>
        <line num="45" count="0" type="cond" truecount="0" falsecount="2"/>
        <line num="46" count="0" type="cond" truecount="0" falsecount="2"/>
        <line num="47" count="0" type="cond" truecount="0" falsecount="2"/>
        <line num="48" count="0" type="cond" truecount="0" falsecount="2"/>
        <line num="49" count="0" type="stmt"/>
        <line num="51" count="0" type="stmt"/>
        <line num="53" count="0" type="cond" truecount="0" falsecount="2"/>
        <line num="54" count="0" type="stmt"/>
        <line num="55" count="0" type="stmt"/>
        <line num="57" count="0" type="cond" truecount="0" falsecount="2"/>
        <line num="58" count="0" type="stmt"/>
        <line num="59" count="0" type="stmt"/>
        <line num="61" count="0" type="stmt"/>
        <line num="63" count="5" type="stmt"/>
        <line num="64" count="0" type="stmt"/>
        <line num="65" count="0" type="stmt"/>
        <line num="68" count="5" type="stmt"/>
        <line num="70" count="5" type="stmt"/>
        <line num="71" count="2" type="stmt"/>
        <line num="72" count="2" type="stmt"/>
        <line num="73" count="2" type="cond" truecount="1" falsecount="1"/>
        <line num="74" count="0" type="stmt"/>
        <line num="75" count="0" type="stmt"/>
        <line num="78" count="5" type="stmt"/>
        <line num="98" count="2" type="stmt"/>
        <line num="107" count="0" type="stmt"/>
      </file>
      <file name="reviewsForProductId71697.js" path="/Users/shengnanhuang/Desktop/HR/rpp35/fec-capstone/client/src/components/ratings&reviews/reviews/reviewsForProductId71697.js">
        <metrics statements="0" coveredstatements="0" conditionals="0" coveredconditionals="0" methods="0" coveredmethods="0"/>
      </file>
    </package>
    <package name="ratings&reviews.reviews.addNewReview">
      <metrics statements="78" coveredstatements="34" conditionals="21" coveredconditionals="2" methods="30" coveredmethods="2"/>
      <file name="AddNewReview.jsx" path="/Users/shengnanhuang/Desktop/HR/rpp35/fec-capstone/client/src/components/ratings&reviews/reviews/addNewReview/AddNewReview.jsx">
        <metrics statements="78" coveredstatements="34" conditionals="21" coveredconditionals="2" methods="30" coveredmethods="2"/>
        <line num="19" count="2" type="stmt"/>
        <line num="20" count="5" type="stmt"/>
        <line num="21" count="5" type="stmt"/>
        <line num="22" count="5" type="stmt"/>
        <line num="23" count="5" type="stmt"/>
        <line num="24" count="5" type="stmt"/>
        <line num="25" count="5" type="stmt"/>
        <line num="26" count="5" type="stmt"/>
        <line num="27" count="5" type="stmt"/>
        <line num="28" count="5" type="stmt"/>
        <line num="29" count="5" type="stmt"/>
        <line num="30" count="5" type="stmt"/>
        <line num="31" count="5" type="stmt"/>
        <line num="32" count="5" type="stmt"/>
        <line num="34" count="5" type="stmt"/>
        <line num="35" count="0" type="stmt"/>
        <line num="37" count="5" type="stmt"/>
        <line num="38" count="0" type="stmt"/>
        <line num="40" count="5" type="stmt"/>
        <line num="41" count="0" type="stmt"/>
        <line num="42" count="0" type="stmt"/>
        <line num="43" count="0" type="stmt"/>
        <line num="45" count="5" type="stmt"/>
        <line num="46" count="0" type="stmt"/>
        <line num="47" count="0" type="stmt"/>
        <line num="48" count="0" type="stmt"/>
        <line num="49" count="0" type="stmt"/>
        <line num="50" count="0" type="stmt"/>
        <line num="54" count="5" type="stmt"/>
        <line num="57" count="5" type="stmt"/>
        <line num="60" count="5" type="stmt"/>
        <line num="61" count="5" type="stmt"/>
        <line num="62" count="5" type="stmt"/>
        <line num="63" count="5" type="stmt"/>
        <line num="65" count="5" type="stmt"/>
        <line num="66" count="0" type="stmt"/>
        <line num="67" count="0" type="stmt"/>
        <line num="68" count="0" type="cond" truecount="0" falsecount="2"/>
        <line num="69" count="0" type="stmt"/>
        <line num="71" count="5" type="stmt"/>
        <line num="72" count="0" type="stmt"/>
        <line num="73" count="0" type="stmt"/>
        <line num="75" count="5" type="stmt"/>
        <line num="76" count="0" type="stmt"/>
        <line num="77" count="0" type="stmt"/>
        <line num="79" count="5" type="stmt"/>
        <line num="80" count="0" type="stmt"/>
        <line num="82" count="5" type="stmt"/>
        <line num="83" count="0" type="stmt"/>
        <line num="84" count="0" type="stmt"/>
        <line num="86" count="5" type="stmt"/>
        <line num="87" count="0" type="stmt"/>
        <line num="88" count="0" type="stmt"/>
        <line num="90" count="5" type="stmt"/>
        <line num="91" count="2" type="cond" truecount="1" falsecount="1"/>
        <line num="92" count="0" type="stmt"/>
        <line num="93" count="0" type="stmt"/>
        <line num="94" count="0" type="stmt"/>
        <line num="97" count="5" type="stmt"/>
        <line num="99" count="5" type="cond" truecount="1" falsecount="1"/>
        <line num="108" count="0" type="stmt"/>
        <line num="161" count="0" type="stmt"/>
        <line num="167" count="0" type="stmt"/>
        <line num="199" count="0" type="stmt"/>
        <line num="200" count="0" type="stmt"/>
        <line num="201" count="0" type="cond" truecount="0" falsecount="2"/>
        <line num="202" count="0" type="stmt"/>
        <line num="203" count="0" type="cond" truecount="0" falsecount="4"/>
        <line num="204" count="0" type="stmt"/>
        <line num="206" count="0" type="stmt"/>
        <line num="208" count="0" type="stmt"/>
        <line num="211" count="0" type="stmt"/>
        <line num="212" count="0" type="stmt"/>
        <line num="213" count="0" type="stmt"/>
        <line num="219" count="0" type="cond" truecount="0" falsecount="1"/>
        <line num="220" count="0" type="stmt"/>
        <line num="226" count="0" type="stmt"/>
        <line num="229" count="0" type="stmt"/>
      </file>
    </package>
    <package name="ratings&reviews.reviews.starRating">
      <metrics statements="5" coveredstatements="5" conditionals="0" coveredconditionals="0" methods="2" coveredmethods="2"/>
      <file name="StarRating.jsx" path="/Users/shengnanhuang/Desktop/HR/rpp35/fec-capstone/client/src/components/ratings&reviews/reviews/starRating/StarRating.jsx">
        <metrics statements="5" coveredstatements="5" conditionals="0" coveredconditionals="0" methods="2" coveredmethods="2"/>
        <line num="3" count="4" type="stmt"/>
        <line num="4" count="6" type="stmt"/>
        <line num="5" count="6" type="stmt"/>
        <line num="6" count="6" type="stmt"/>
        <line num="9" count="30" type="stmt"/>
      </file>
    </package>
  </project>
</coverage>
