<?xml version="1.0" encoding="UTF-8"?>
<coverage generated="1652990148376" clover="3.2.0">
  <project timestamp="1652990148376" name="All files">
    <metrics statements="125" coveredstatements="108" conditionals="42" coveredconditionals="34" methods="41" coveredmethods="29" elements="208" coveredelements="171" complexity="0" loc="125" ncloc="125" packages="11" files="11" classes="11"/>
    <package name="product-overview-module">
      <metrics statements="30" coveredstatements="25" conditionals="8" coveredconditionals="6" methods="11" coveredmethods="7"/>
      <file name="ProductOverview.jsx" path="/Users/cristianordonez/Workspace/hack-Reactor/19-front-end-capstone/fec-capstone/client/src/components/product-overview-module/ProductOverview.jsx">
        <metrics statements="30" coveredstatements="25" conditionals="8" coveredconditionals="6" methods="11" coveredmethods="7"/>
        <line num="9" count="1" type="stmt"/>
        <line num="10" count="2" type="stmt"/>
        <line num="11" count="2" type="stmt"/>
        <line num="12" count="2" type="stmt"/>
        <line num="13" count="2" type="stmt"/>
        <line num="14" count="2" type="stmt"/>
        <line num="16" count="2" type="stmt"/>
        <line num="18" count="1" type="stmt"/>
        <line num="19" count="1" type="stmt"/>
        <line num="22" count="1" type="stmt"/>
        <line num="25" count="1" type="stmt"/>
        <line num="26" count="1" type="stmt"/>
        <line num="29" count="0" type="stmt"/>
        <line num="32" count="1" type="stmt"/>
        <line num="35" count="1" type="stmt"/>
        <line num="36" count="1" type="stmt"/>
        <line num="37" count="1" type="stmt"/>
        <line num="40" count="0" type="stmt"/>
        <line num="45" count="2" type="stmt"/>
        <line num="46" count="1" type="stmt"/>
        <line num="47" count="1" type="stmt"/>
        <line num="48" count="3" type="stmt"/>
        <line num="50" count="1" type="stmt"/>
        <line num="54" count="2" type="stmt"/>
        <line num="55" count="0" type="stmt"/>
        <line num="56" count="0" type="cond" truecount="0" falsecount="2"/>
        <line num="57" count="0" type="stmt"/>
        <line num="62" count="2" type="cond" truecount="2" falsecount="0"/>
        <line num="63" count="1" type="stmt"/>
        <line num="66" count="2" type="stmt"/>
      </file>
    </package>
    <package name="product-overview-module.add-to-cart">
      <metrics statements="27" coveredstatements="24" conditionals="10" coveredconditionals="7" methods="7" coveredmethods="5"/>
      <file name="AddToCart.jsx" path="/Users/cristianordonez/Workspace/hack-Reactor/19-front-end-capstone/fec-capstone/client/src/components/product-overview-module/add-to-cart/AddToCart.jsx">
        <metrics statements="27" coveredstatements="24" conditionals="10" coveredconditionals="7" methods="7" coveredmethods="5"/>
        <line num="6" count="2" type="stmt"/>
        <line num="7" count="5" type="stmt"/>
        <line num="8" count="5" type="stmt"/>
        <line num="9" count="5" type="stmt"/>
        <line num="12" count="5" type="stmt"/>
        <line num="13" count="11" type="stmt"/>
        <line num="17" count="5" type="stmt"/>
        <line num="18" count="1" type="stmt"/>
        <line num="19" count="1" type="stmt"/>
        <line num="21" count="1" type="stmt"/>
        <line num="22" count="2" type="cond" truecount="2" falsecount="0"/>
        <line num="23" count="1" type="cond" truecount="1" falsecount="1"/>
        <line num="24" count="0" type="stmt"/>
        <line num="26" count="1" type="stmt"/>
        <line num="31" count="1" type="stmt"/>
        <line num="32" count="8" type="stmt"/>
        <line num="33" count="8" type="stmt"/>
        <line num="35" count="1" type="stmt"/>
        <line num="38" count="5" type="stmt"/>
        <line num="39" count="0" type="stmt"/>
        <line num="43" count="5" type="cond" truecount="1" falsecount="1"/>
        <line num="44" count="5" type="stmt"/>
        <line num="49" count="5" type="stmt"/>
        <line num="50" count="0" type="stmt"/>
        <line num="52" count="5" type="stmt"/>
        <line num="64" count="11" type="stmt"/>
        <line num="81" count="8" type="stmt"/>
      </file>
    </package>
    <package name="product-overview-module.image-gallery.image-view">
      <metrics statements="20" coveredstatements="18" conditionals="12" coveredconditionals="10" methods="6" coveredmethods="4"/>
      <file name="ImageView.jsx" path="/Users/cristianordonez/Workspace/hack-Reactor/19-front-end-capstone/fec-capstone/client/src/components/product-overview-module/image-gallery/image-view/ImageView.jsx">
        <metrics statements="20" coveredstatements="18" conditionals="12" coveredconditionals="10" methods="6" coveredmethods="4"/>
        <line num="9" count="2" type="stmt"/>
        <line num="10" count="7" type="stmt"/>
        <line num="11" count="7" type="stmt"/>
        <line num="12" count="7" type="stmt"/>
        <line num="13" count="7" type="stmt"/>
        <line num="16" count="7" type="stmt"/>
        <line num="17" count="1" type="cond" truecount="1" falsecount="1"/>
        <line num="18" count="1" type="stmt"/>
        <line num="19" count="1" type="stmt"/>
        <line num="24" count="7" type="stmt"/>
        <line num="25" count="0" type="stmt"/>
        <line num="29" count="7" type="stmt"/>
        <line num="30" count="1" type="cond" truecount="1" falsecount="1"/>
        <line num="31" count="1" type="stmt"/>
        <line num="32" count="1" type="stmt"/>
        <line num="37" count="7" type="stmt"/>
        <line num="38" count="1" type="stmt"/>
        <line num="42" count="7" type="stmt"/>
        <line num="43" count="0" type="stmt"/>
        <line num="46" count="7" type="stmt"/>
      </file>
    </package>
    <package name="product-overview-module.image-gallery.image-view-item">
      <metrics statements="17" coveredstatements="12" conditionals="4" coveredconditionals="3" methods="4" coveredmethods="2"/>
      <file name="ImageViewItem.jsx" path="/Users/cristianordonez/Workspace/hack-Reactor/19-front-end-capstone/fec-capstone/client/src/components/product-overview-module/image-gallery/image-view-item/ImageViewItem.jsx">
        <metrics statements="17" coveredstatements="12" conditionals="4" coveredconditionals="3" methods="4" coveredmethods="2"/>
        <line num="6" count="3" type="stmt"/>
        <line num="14" count="8" type="stmt"/>
        <line num="15" count="8" type="stmt"/>
        <line num="19" count="8" type="stmt"/>
        <line num="25" count="8" type="stmt"/>
        <line num="26" count="1" type="stmt"/>
        <line num="30" count="8" type="stmt"/>
        <line num="31" count="0" type="stmt"/>
        <line num="32" count="0" type="stmt"/>
        <line num="39" count="8" type="stmt"/>
        <line num="40" count="0" type="stmt"/>
        <line num="44" count="0" type="stmt"/>
        <line num="45" count="0" type="stmt"/>
        <line num="49" count="8" type="stmt"/>
        <line num="55" count="8" type="cond" truecount="2" falsecount="0"/>
        <line num="56" count="1" type="stmt"/>
        <line num="82" count="7" type="stmt"/>
      </file>
    </package>
    <package name="product-overview-module.image-gallery.image-view-thumbnail-item">
      <metrics statements="7" coveredstatements="6" conditionals="4" coveredconditionals="4" methods="2" coveredmethods="1"/>
      <file name="ImageViewThumbnailItem.jsx" path="/Users/cristianordonez/Workspace/hack-Reactor/19-front-end-capstone/fec-capstone/client/src/components/product-overview-module/image-gallery/image-view-thumbnail-item/ImageViewThumbnailItem.jsx">
        <metrics statements="7" coveredstatements="6" conditionals="4" coveredconditionals="4" methods="2" coveredmethods="1"/>
        <line num="4" count="4" type="stmt"/>
        <line num="11" count="24" type="stmt"/>
        <line num="12" count="0" type="stmt"/>
        <line num="16" count="24" type="cond" truecount="2" falsecount="0"/>
        <line num="17" count="16" type="stmt"/>
        <line num="19" count="8" type="stmt"/>
        <line num="22" count="24" type="stmt"/>
      </file>
    </package>
    <package name="product-overview-module.image-gallery.image-view-thumbnails">
      <metrics statements="3" coveredstatements="3" conditionals="0" coveredconditionals="0" methods="2" coveredmethods="2"/>
      <file name="ImageViewThumbnails.jsx" path="/Users/cristianordonez/Workspace/hack-Reactor/19-front-end-capstone/fec-capstone/client/src/components/product-overview-module/image-gallery/image-view-thumbnails/ImageViewThumbnails.jsx">
        <metrics statements="3" coveredstatements="3" conditionals="0" coveredconditionals="0" methods="2" coveredmethods="2"/>
        <line num="5" count="3" type="stmt"/>
        <line num="11" count="8" type="stmt"/>
        <line num="14" count="23" type="stmt"/>
      </file>
    </package>
    <package name="product-overview-module.product-information">
      <metrics statements="8" coveredstatements="8" conditionals="2" coveredconditionals="2" methods="2" coveredmethods="2"/>
      <file name="ProductInformation.jsx" path="/Users/cristianordonez/Workspace/hack-Reactor/19-front-end-capstone/fec-capstone/client/src/components/product-overview-module/product-information/ProductInformation.jsx">
        <metrics statements="8" coveredstatements="8" conditionals="2" coveredconditionals="2" methods="2" coveredmethods="2"/>
        <line num="7" count="2" type="stmt"/>
        <line num="19" count="2" type="stmt"/>
        <line num="20" count="2" type="stmt"/>
        <line num="21" count="2" type="stmt"/>
        <line num="22" count="7" type="stmt"/>
        <line num="24" count="2" type="stmt"/>
        <line num="26" count="2" type="stmt"/>
        <line num="30" count="9" type="stmt"/>
      </file>
    </package>
    <package name="product-overview-module.product-information.star">
      <metrics statements="2" coveredstatements="2" conditionals="0" coveredconditionals="0" methods="1" coveredmethods="1"/>
      <file name="Star.jsx" path="/Users/cristianordonez/Workspace/hack-Reactor/19-front-end-capstone/fec-capstone/client/src/components/product-overview-module/product-information/star/Star.jsx">
        <metrics statements="2" coveredstatements="2" conditionals="0" coveredconditionals="0" methods="1" coveredmethods="1"/>
        <line num="4" count="3" type="stmt"/>
        <line num="5" count="10" type="stmt"/>
      </file>
    </package>
    <package name="product-overview-module.style-selector.style-select">
      <metrics statements="3" coveredstatements="3" conditionals="0" coveredconditionals="0" methods="2" coveredmethods="2"/>
      <file name="StyleSelect.jsx" path="/Users/cristianordonez/Workspace/hack-Reactor/19-front-end-capstone/fec-capstone/client/src/components/product-overview-module/style-selector/style-select/StyleSelect.jsx">
        <metrics statements="3" coveredstatements="3" conditionals="0" coveredconditionals="0" methods="2" coveredmethods="2"/>
        <line num="6" count="2" type="stmt"/>
        <line num="7" count="2" type="stmt"/>
        <line num="14" count="1" type="stmt"/>
      </file>
    </package>
    <package name="product-overview-module.style-selector.style-select-item">
      <metrics statements="5" coveredstatements="4" conditionals="2" coveredconditionals="2" methods="2" coveredmethods="1"/>
      <file name="StyleSelectItem.jsx" path="/Users/cristianordonez/Workspace/hack-Reactor/19-front-end-capstone/fec-capstone/client/src/components/product-overview-module/style-selector/style-select-item/StyleSelectItem.jsx">
        <metrics statements="5" coveredstatements="4" conditionals="2" coveredconditionals="2" methods="2" coveredmethods="1"/>
        <line num="6" count="3" type="stmt"/>
        <line num="7" count="2" type="stmt"/>
        <line num="8" count="2" type="stmt"/>
        <line num="9" count="0" type="stmt"/>
        <line num="12" count="2" type="stmt"/>
      </file>
    </package>
    <package name="ratings&reviews">
      <metrics statements="3" coveredstatements="3" conditionals="0" coveredconditionals="0" methods="2" coveredmethods="2"/>
      <file name="RatingsAndReviews.jsx" path="/Users/cristianordonez/Workspace/hack-Reactor/19-front-end-capstone/fec-capstone/client/src/components/ratings&reviews/RatingsAndReviews.jsx">
        <metrics statements="3" coveredstatements="3" conditionals="0" coveredconditionals="0" methods="2" coveredmethods="2"/>
        <line num="6" count="1" type="stmt"/>
        <line num="7" count="1" type="stmt"/>
        <line num="12" count="1" type="stmt"/>
      </file>
    </package>
  </project>
</coverage>
