{
  "/Users/shengnanhuang/Desktop/HR/rpp35/fec-capstone/client/src/components/product-overview-module/ProductOverview.jsx": {
    "path": "/Users/shengnanhuang/Desktop/HR/rpp35/fec-capstone/client/src/components/product-overview-module/ProductOverview.jsx",
    "statementMap": {
      "0": {
        "start": { "line": 9, "column": 24 },
        "end": { "line": 121, "column": 1 }
      },
      "1": {
        "start": { "line": 10, "column": 40 },
        "end": { "line": 10, "column": 52 }
      },
      "2": {
        "start": { "line": 11, "column": 33 },
        "end": { "line": 11, "column": 43 }
      },
      "3": {
        "start": { "line": 12, "column": 42 },
        "end": { "line": 12, "column": 52 }
      },
      "4": {
        "start": { "line": 13, "column": 32 },
        "end": { "line": 13, "column": 43 }
      },
      "5": {
        "start": { "line": 14, "column": 38 },
        "end": { "line": 14, "column": 50 }
      },
      "6": {
        "start": { "line": 16, "column": 2 },
        "end": { "line": 42, "column": 9 }
      },
      "7": {
        "start": { "line": 18, "column": 4 },
        "end": { "line": 20, "column": 7 }
      },
      "8": {
        "start": { "line": 19, "column": 6 },
        "end": { "line": 19, "column": 39 }
      },
      "9": {
        "start": { "line": 22, "column": 4 },
        "end": { "line": 30, "column": 9 }
      },
      "10": {
        "start": { "line": 25, "column": 8 },
        "end": { "line": 25, "column": 38 }
      },
      "11": {
        "start": { "line": 26, "column": 8 },
        "end": { "line": 26, "column": 55 }
      },
      "12": {
        "start": { "line": 29, "column": 8 },
        "end": { "line": 29, "column": 33 }
      },
      "13": {
        "start": { "line": 32, "column": 4 },
        "end": { "line": 41, "column": 9 }
      },
      "14": {
        "start": { "line": 35, "column": 29 },
        "end": { "line": 35, "column": 75 }
      },
      "15": {
        "start": { "line": 36, "column": 8 },
        "end": { "line": 36, "column": 51 }
      },
      "16": {
        "start": { "line": 37, "column": 8 },
        "end": { "line": 37, "column": 35 }
      },
      "17": {
        "start": { "line": 40, "column": 8 },
        "end": { "line": 40, "column": 33 }
      },
      "18": {
        "start": { "line": 45, "column": 28 },
        "end": { "line": 51, "column": 3 }
      },
      "19": {
        "start": { "line": 46, "column": 14 },
        "end": { "line": 46, "column": 15 }
      },
      "20": {
        "start": { "line": 47, "column": 4 },
        "end": { "line": 49, "column": 7 }
      },
      "21": {
        "start": { "line": 48, "column": 6 },
        "end": { "line": 48, "column": 27 }
      },
      "22": {
        "start": { "line": 50, "column": 4 },
        "end": { "line": 50, "column": 28 }
      },
      "23": {
        "start": { "line": 54, "column": 27 },
        "end": { "line": 60, "column": 3 }
      },
      "24": {
        "start": { "line": 55, "column": 4 },
        "end": { "line": 59, "column": 7 }
      },
      "25": {
        "start": { "line": 56, "column": 6 },
        "end": { "line": 58, "column": 7 }
      },
      "26": {
        "start": { "line": 57, "column": 8 },
        "end": { "line": 57, "column": 31 }
      },
      "27": {
        "start": { "line": 63, "column": 2 },
        "end": { "line": 79, "column": 3 }
      },
      "28": {
        "start": { "line": 64, "column": 4 },
        "end": { "line": 64, "column": 39 }
      },
      "29": {
        "start": { "line": 65, "column": 22 },
        "end": { "line": 69, "column": 5 }
      },
      "30": {
        "start": { "line": 70, "column": 22 },
        "end": { "line": 74, "column": 5 }
      },
      "31": {
        "start": { "line": 75, "column": 4 },
        "end": { "line": 78, "column": 5 }
      },
      "32": {
        "start": { "line": 76, "column": 6 },
        "end": { "line": 76, "column": 44 }
      },
      "33": {
        "start": { "line": 77, "column": 6 },
        "end": { "line": 77, "column": 44 }
      },
      "34": {
        "start": { "line": 82, "column": 2 },
        "end": { "line": 120, "column": 4 }
      }
    },
    "fnMap": {
      "0": {
        "name": "(anonymous_0)",
        "decl": {
          "start": { "line": 9, "column": 24 },
          "end": { "line": 9, "column": 25 }
        },
        "loc": {
          "start": { "line": 9, "column": 50 },
          "end": { "line": 121, "column": 1 }
        },
        "line": 9
      },
      "1": {
        "name": "(anonymous_1)",
        "decl": {
          "start": { "line": 16, "column": 12 },
          "end": { "line": 16, "column": 13 }
        },
        "loc": {
          "start": { "line": 16, "column": 18 },
          "end": { "line": 42, "column": 3 }
        },
        "line": 16
      },
      "2": {
        "name": "(anonymous_2)",
        "decl": {
          "start": { "line": 18, "column": 56 },
          "end": { "line": 18, "column": 57 }
        },
        "loc": {
          "start": { "line": 18, "column": 73 },
          "end": { "line": 20, "column": 5 }
        },
        "line": 18
      },
      "3": {
        "name": "(anonymous_3)",
        "decl": {
          "start": { "line": 24, "column": 12 },
          "end": { "line": 24, "column": 13 }
        },
        "loc": {
          "start": { "line": 24, "column": 31 },
          "end": { "line": 27, "column": 7 }
        },
        "line": 24
      },
      "4": {
        "name": "(anonymous_4)",
        "decl": {
          "start": { "line": 28, "column": 13 },
          "end": { "line": 28, "column": 14 }
        },
        "loc": {
          "start": { "line": 28, "column": 22 },
          "end": { "line": 30, "column": 7 }
        },
        "line": 28
      },
      "5": {
        "name": "(anonymous_5)",
        "decl": {
          "start": { "line": 34, "column": 12 },
          "end": { "line": 34, "column": 13 }
        },
        "loc": {
          "start": { "line": 34, "column": 32 },
          "end": { "line": 38, "column": 7 }
        },
        "line": 34
      },
      "6": {
        "name": "(anonymous_6)",
        "decl": {
          "start": { "line": 39, "column": 13 },
          "end": { "line": 39, "column": 14 }
        },
        "loc": {
          "start": { "line": 39, "column": 22 },
          "end": { "line": 41, "column": 7 }
        },
        "line": 39
      },
      "7": {
        "name": "(anonymous_7)",
        "decl": {
          "start": { "line": 45, "column": 28 },
          "end": { "line": 45, "column": 29 }
        },
        "loc": {
          "start": { "line": 45, "column": 37 },
          "end": { "line": 51, "column": 3 }
        },
        "line": 45
      },
      "8": {
        "name": "(anonymous_8)",
        "decl": {
          "start": { "line": 47, "column": 16 },
          "end": { "line": 47, "column": 17 }
        },
        "loc": {
          "start": { "line": 47, "column": 28 },
          "end": { "line": 49, "column": 5 }
        },
        "line": 47
      },
      "9": {
        "name": "(anonymous_9)",
        "decl": {
          "start": { "line": 54, "column": 27 },
          "end": { "line": 54, "column": 28 }
        },
        "loc": {
          "start": { "line": 54, "column": 41 },
          "end": { "line": 60, "column": 3 }
        },
        "line": 54
      },
      "10": {
        "name": "(anonymous_10)",
        "decl": {
          "start": { "line": 55, "column": 30 },
          "end": { "line": 55, "column": 31 }
        },
        "loc": {
          "start": { "line": 55, "column": 41 },
          "end": { "line": 59, "column": 5 }
        },
        "line": 55
      }
    },
    "branchMap": {
      "0": {
        "loc": {
          "start": { "line": 56, "column": 6 },
          "end": { "line": 58, "column": 7 }
        },
        "type": "if",
        "locations": [
          {
            "start": { "line": 56, "column": 6 },
            "end": { "line": 58, "column": 7 }
          },
          { "start": {}, "end": {} }
        ],
        "line": 56
      },
      "1": {
        "loc": {
          "start": { "line": 63, "column": 2 },
          "end": { "line": 79, "column": 3 }
        },
        "type": "if",
        "locations": [
          {
            "start": { "line": 63, "column": 2 },
            "end": { "line": 79, "column": 3 }
          },
          { "start": {}, "end": {} }
        ],
        "line": 63
      },
      "2": {
        "loc": {
          "start": { "line": 75, "column": 4 },
          "end": { "line": 78, "column": 5 }
        },
        "type": "if",
        "locations": [
          {
            "start": { "line": 75, "column": 4 },
            "end": { "line": 78, "column": 5 }
          },
          { "start": {}, "end": {} }
        ],
        "line": 75
      },
      "3": {
        "loc": {
          "start": { "line": 84, "column": 7 },
          "end": { "line": 118, "column": 7 }
        },
        "type": "cond-expr",
        "locations": [
          {
            "start": { "line": 85, "column": 8 },
            "end": { "line": 115, "column": 11 }
          },
          {
            "start": { "line": 117, "column": 8 },
            "end": { "line": 117, "column": 27 }
          }
        ],
        "line": 84
      },
      "4": {
        "loc": {
          "start": { "line": 84, "column": 7 },
          "end": { "line": 84, "column": 36 }
        },
        "type": "binary-expr",
        "locations": [
          {
            "start": { "line": 84, "column": 7 },
            "end": { "line": 84, "column": 23 }
          },
          {
            "start": { "line": 84, "column": 27 },
            "end": { "line": 84, "column": 36 }
          }
        ],
        "line": 84
      }
    },
    "s": {
      "0": 1,
      "1": 2,
      "2": 2,
      "3": 2,
      "4": 2,
      "5": 2,
      "6": 2,
      "7": 1,
      "8": 1,
      "9": 1,
      "10": 1,
      "11": 1,
      "12": 0,
      "13": 1,
      "14": 1,
      "15": 1,
      "16": 1,
      "17": 0,
      "18": 2,
      "19": 1,
      "20": 1,
      "21": 3,
      "22": 1,
      "23": 2,
      "24": 0,
      "25": 0,
      "26": 0,
      "27": 2,
      "28": 1,
      "29": 1,
      "30": 1,
      "31": 1,
      "32": 1,
      "33": 1,
      "34": 2
    },
    "f": {
      "0": 2,
      "1": 1,
      "2": 1,
      "3": 1,
      "4": 0,
      "5": 1,
      "6": 0,
      "7": 1,
      "8": 3,
      "9": 0,
      "10": 0
    },
    "b": { "0": [0, 0], "1": [1, 1], "2": [1, 0], "3": [1, 1], "4": [2, 2] },
    "_coverageSchema": "1a1c01bbd47fc00a2c39e90264f33305004495a9",
    "hash": "060e1d77f7876fc4368fd321e46c36ca3b7e21f7"
  },
  "/Users/shengnanhuang/Desktop/HR/rpp35/fec-capstone/client/src/components/product-overview-module/add-to-cart/AddToCart.jsx": {
    "path": "/Users/shengnanhuang/Desktop/HR/rpp35/fec-capstone/client/src/components/product-overview-module/add-to-cart/AddToCart.jsx",
    "statementMap": {
      "0": {
        "start": { "line": 6, "column": 18 },
        "end": { "line": 106, "column": 1 }
      },
      "1": {
        "start": { "line": 7, "column": 40 },
        "end": { "line": 7, "column": 52 }
      },
      "2": {
        "start": { "line": 8, "column": 50 },
        "end": { "line": 8, "column": 61 }
      },
      "3": {
        "start": { "line": 9, "column": 34 },
        "end": { "line": 9, "column": 46 }
      },
      "4": {
        "start": { "line": 12, "column": 15 },
        "end": { "line": 14, "column": 4 }
      },
      "5": {
        "start": { "line": 13, "column": 4 },
        "end": { "line": 13, "column": 34 }
      },
      "6": {
        "start": { "line": 17, "column": 23 },
        "end": { "line": 36, "column": 3 }
      },
      "7": {
        "start": { "line": 18, "column": 4 },
        "end": { "line": 18, "column": 35 }
      },
      "8": {
        "start": { "line": 19, "column": 22 },
        "end": { "line": 19, "column": 24 }
      },
      "9": {
        "start": { "line": 21, "column": 4 },
        "end": { "line": 29, "column": 5 }
      },
      "10": {
        "start": { "line": 21, "column": 17 },
        "end": { "line": 21, "column": 18 }
      },
      "11": {
        "start": { "line": 22, "column": 6 },
        "end": { "line": 28, "column": 7 }
      },
      "12": {
        "start": { "line": 23, "column": 8 },
        "end": { "line": 27, "column": 9 }
      },
      "13": {
        "start": { "line": 24, "column": 10 },
        "end": { "line": 24, "column": 31 }
      },
      "14": {
        "start": { "line": 26, "column": 10 },
        "end": { "line": 26, "column": 45 }
      },
      "15": {
        "start": { "line": 31, "column": 4 },
        "end": { "line": 34, "column": 5 }
      },
      "16": {
        "start": { "line": 31, "column": 17 },
        "end": { "line": 31, "column": 18 }
      },
      "17": {
        "start": { "line": 32, "column": 6 },
        "end": { "line": 32, "column": 27 }
      },
      "18": {
        "start": { "line": 33, "column": 6 },
        "end": { "line": 33, "column": 26 }
      },
      "19": {
        "start": { "line": 35, "column": 4 },
        "end": { "line": 35, "column": 29 }
      },
      "20": {
        "start": { "line": 38, "column": 23 },
        "end": { "line": 40, "column": 3 }
      },
      "21": {
        "start": { "line": 39, "column": 4 },
        "end": { "line": 39, "column": 23 }
      },
      "22": {
        "start": { "line": 43, "column": 2 },
        "end": { "line": 45, "column": 3 }
      },
      "23": {
        "start": { "line": 44, "column": 4 },
        "end": { "line": 44, "column": 39 }
      },
      "24": {
        "start": { "line": 49, "column": 31 },
        "end": { "line": 51, "column": 3 }
      },
      "25": {
        "start": { "line": 50, "column": 4 },
        "end": { "line": 50, "column": 40 }
      },
      "26": {
        "start": { "line": 52, "column": 2 },
        "end": { "line": 105, "column": 4 }
      },
      "27": {
        "start": { "line": 64, "column": 14 },
        "end": { "line": 71, "column": 23 }
      },
      "28": {
        "start": { "line": 81, "column": 16 },
        "end": { "line": 87, "column": 25 }
      }
    },
    "fnMap": {
      "0": {
        "name": "(anonymous_0)",
        "decl": {
          "start": { "line": 6, "column": 18 },
          "end": { "line": 6, "column": 19 }
        },
        "loc": {
          "start": { "line": 6, "column": 40 },
          "end": { "line": 106, "column": 1 }
        },
        "line": 6
      },
      "1": {
        "name": "(anonymous_1)",
        "decl": {
          "start": { "line": 12, "column": 50 },
          "end": { "line": 12, "column": 51 }
        },
        "loc": {
          "start": { "line": 12, "column": 59 },
          "end": { "line": 14, "column": 3 }
        },
        "line": 12
      },
      "2": {
        "name": "(anonymous_2)",
        "decl": {
          "start": { "line": 17, "column": 23 },
          "end": { "line": 17, "column": 24 }
        },
        "loc": {
          "start": { "line": 17, "column": 30 },
          "end": { "line": 36, "column": 3 }
        },
        "line": 17
      },
      "3": {
        "name": "(anonymous_3)",
        "decl": {
          "start": { "line": 38, "column": 23 },
          "end": { "line": 38, "column": 24 }
        },
        "loc": {
          "start": { "line": 38, "column": 30 },
          "end": { "line": 40, "column": 3 }
        },
        "line": 38
      },
      "4": {
        "name": "(anonymous_4)",
        "decl": {
          "start": { "line": 49, "column": 31 },
          "end": { "line": 49, "column": 32 }
        },
        "loc": {
          "start": { "line": 49, "column": 38 },
          "end": { "line": 51, "column": 3 }
        },
        "line": 49
      },
      "5": {
        "name": "(anonymous_5)",
        "decl": {
          "start": { "line": 63, "column": 22 },
          "end": { "line": 63, "column": 23 }
        },
        "loc": {
          "start": { "line": 64, "column": 14 },
          "end": { "line": 71, "column": 23 }
        },
        "line": 64
      },
      "6": {
        "name": "(anonymous_6)",
        "decl": {
          "start": { "line": 80, "column": 27 },
          "end": { "line": 80, "column": 28 }
        },
        "loc": {
          "start": { "line": 81, "column": 16 },
          "end": { "line": 87, "column": 25 }
        },
        "line": 81
      }
    },
    "branchMap": {
      "0": {
        "loc": {
          "start": { "line": 22, "column": 6 },
          "end": { "line": 28, "column": 7 }
        },
        "type": "if",
        "locations": [
          {
            "start": { "line": 22, "column": 6 },
            "end": { "line": 28, "column": 7 }
          },
          { "start": {}, "end": {} }
        ],
        "line": 22
      },
      "1": {
        "loc": {
          "start": { "line": 23, "column": 8 },
          "end": { "line": 27, "column": 9 }
        },
        "type": "if",
        "locations": [
          {
            "start": { "line": 23, "column": 8 },
            "end": { "line": 27, "column": 9 }
          },
          {
            "start": { "line": 25, "column": 15 },
            "end": { "line": 27, "column": 9 }
          }
        ],
        "line": 23
      },
      "2": {
        "loc": {
          "start": { "line": 43, "column": 2 },
          "end": { "line": 45, "column": 3 }
        },
        "type": "if",
        "locations": [
          {
            "start": { "line": 43, "column": 2 },
            "end": { "line": 45, "column": 3 }
          },
          { "start": {}, "end": {} }
        ],
        "line": 43
      },
      "3": {
        "loc": {
          "start": { "line": 54, "column": 7 },
          "end": { "line": 103, "column": 7 }
        },
        "type": "cond-expr",
        "locations": [
          {
            "start": { "line": 55, "column": 8 },
            "end": { "line": 98, "column": 11 }
          },
          {
            "start": { "line": 100, "column": 8 },
            "end": { "line": 102, "column": 17 }
          }
        ],
        "line": 54
      },
      "4": {
        "loc": {
          "start": { "line": 79, "column": 13 },
          "end": { "line": 93, "column": 13 }
        },
        "type": "cond-expr",
        "locations": [
          {
            "start": { "line": 80, "column": 14 },
            "end": { "line": 88, "column": 16 }
          },
          {
            "start": { "line": 90, "column": 14 },
            "end": { "line": 92, "column": 23 }
          }
        ],
        "line": 79
      }
    },
    "s": {
      "0": 2,
      "1": 5,
      "2": 5,
      "3": 5,
      "4": 5,
      "5": 11,
      "6": 5,
      "7": 1,
      "8": 1,
      "9": 1,
      "10": 1,
      "11": 2,
      "12": 1,
      "13": 0,
      "14": 1,
      "15": 1,
      "16": 1,
      "17": 8,
      "18": 8,
      "19": 1,
      "20": 5,
      "21": 0,
      "22": 5,
      "23": 5,
      "24": 5,
      "25": 0,
      "26": 5,
      "27": 11,
      "28": 8
    },
    "f": { "0": 5, "1": 11, "2": 1, "3": 0, "4": 0, "5": 11, "6": 8 },
    "b": { "0": [1, 1], "1": [0, 1], "2": [5, 0], "3": [5, 0], "4": [1, 4] },
    "_coverageSchema": "1a1c01bbd47fc00a2c39e90264f33305004495a9",
    "hash": "3d513292e220a0a3bfa096f8dc32df36e91d0ac0"
  },
  "/Users/shengnanhuang/Desktop/HR/rpp35/fec-capstone/client/src/components/product-overview-module/image-gallery/image-view/ImageView.jsx": {
    "path": "/Users/shengnanhuang/Desktop/HR/rpp35/fec-capstone/client/src/components/product-overview-module/image-gallery/image-view/ImageView.jsx",
    "statementMap": {
      "0": {
        "start": { "line": 9, "column": 18 },
        "end": { "line": 100, "column": 1 }
      },
      "1": {
        "start": { "line": 10, "column": 42 },
        "end": { "line": 10, "column": 53 }
      },
      "2": {
        "start": { "line": 11, "column": 34 },
        "end": { "line": 11, "column": 49 }
      },
      "3": {
        "start": { "line": 12, "column": 46 },
        "end": { "line": 12, "column": 61 }
      },
      "4": {
        "start": { "line": 13, "column": 34 },
        "end": { "line": 13, "column": 49 }
      },
      "5": {
        "start": { "line": 16, "column": 17 },
        "end": { "line": 21, "column": 3 }
      },
      "6": {
        "start": { "line": 17, "column": 4 },
        "end": { "line": 20, "column": 5 }
      },
      "7": {
        "start": { "line": 18, "column": 21 },
        "end": { "line": 18, "column": 33 }
      },
      "8": {
        "start": { "line": 19, "column": 6 },
        "end": { "line": 19, "column": 36 }
      },
      "9": {
        "start": { "line": 24, "column": 27 },
        "end": { "line": 26, "column": 3 }
      },
      "10": {
        "start": { "line": 25, "column": 4 },
        "end": { "line": 25, "column": 27 }
      },
      "11": {
        "start": { "line": 29, "column": 17 },
        "end": { "line": 34, "column": 3 }
      },
      "12": {
        "start": { "line": 30, "column": 4 },
        "end": { "line": 33, "column": 5 }
      },
      "13": {
        "start": { "line": 31, "column": 21 },
        "end": { "line": 31, "column": 33 }
      },
      "14": {
        "start": { "line": 32, "column": 6 },
        "end": { "line": 32, "column": 36 }
      },
      "15": {
        "start": { "line": 37, "column": 26 },
        "end": { "line": 39, "column": 3 }
      },
      "16": {
        "start": { "line": 38, "column": 4 },
        "end": { "line": 38, "column": 39 }
      },
      "17": {
        "start": { "line": 42, "column": 31 },
        "end": { "line": 44, "column": 3 }
      },
      "18": {
        "start": { "line": 43, "column": 4 },
        "end": { "line": 43, "column": 27 }
      },
      "19": {
        "start": { "line": 45, "column": 2 },
        "end": { "line": 45, "column": 57 }
      },
      "20": {
        "start": { "line": 62, "column": 2 },
        "end": { "line": 99, "column": 4 }
      }
    },
    "fnMap": {
      "0": {
        "name": "(anonymous_0)",
        "decl": {
          "start": { "line": 9, "column": 18 },
          "end": { "line": 9, "column": 19 }
        },
        "loc": {
          "start": { "line": 9, "column": 46 },
          "end": { "line": 100, "column": 1 }
        },
        "line": 9
      },
      "1": {
        "name": "(anonymous_1)",
        "decl": {
          "start": { "line": 16, "column": 17 },
          "end": { "line": 16, "column": 18 }
        },
        "loc": {
          "start": { "line": 16, "column": 23 },
          "end": { "line": 21, "column": 3 }
        },
        "line": 16
      },
      "2": {
        "name": "(anonymous_2)",
        "decl": {
          "start": { "line": 24, "column": 27 },
          "end": { "line": 24, "column": 28 }
        },
        "loc": {
          "start": { "line": 24, "column": 33 },
          "end": { "line": 26, "column": 3 }
        },
        "line": 24
      },
      "3": {
        "name": "(anonymous_3)",
        "decl": {
          "start": { "line": 29, "column": 17 },
          "end": { "line": 29, "column": 18 }
        },
        "loc": {
          "start": { "line": 29, "column": 23 },
          "end": { "line": 34, "column": 3 }
        },
        "line": 29
      },
      "4": {
        "name": "(anonymous_4)",
        "decl": {
          "start": { "line": 37, "column": 26 },
          "end": { "line": 37, "column": 27 }
        },
        "loc": {
          "start": { "line": 37, "column": 32 },
          "end": { "line": 39, "column": 3 }
        },
        "line": 37
      },
      "5": {
        "name": "(anonymous_5)",
        "decl": {
          "start": { "line": 42, "column": 31 },
          "end": { "line": 42, "column": 32 }
        },
        "loc": {
          "start": { "line": 42, "column": 42 },
          "end": { "line": 44, "column": 3 }
        },
        "line": 42
      }
    },
    "branchMap": {
      "0": {
        "loc": {
          "start": { "line": 17, "column": 4 },
          "end": { "line": 20, "column": 5 }
        },
        "type": "if",
        "locations": [
          {
            "start": { "line": 17, "column": 4 },
            "end": { "line": 20, "column": 5 }
          },
          { "start": {}, "end": {} }
        ],
        "line": 17
      },
      "1": {
        "loc": {
          "start": { "line": 30, "column": 4 },
          "end": { "line": 33, "column": 5 }
        },
        "type": "if",
        "locations": [
          {
            "start": { "line": 30, "column": 4 },
            "end": { "line": 33, "column": 5 }
          },
          { "start": {}, "end": {} }
        ],
        "line": 30
      },
      "2": {
        "loc": {
          "start": { "line": 64, "column": 7 },
          "end": { "line": 73, "column": 7 }
        },
        "type": "binary-expr",
        "locations": [
          {
            "start": { "line": 64, "column": 7 },
            "end": { "line": 64, "column": 16 }
          },
          {
            "start": { "line": 65, "column": 8 },
            "end": { "line": 72, "column": 14 }
          }
        ],
        "line": 64
      },
      "3": {
        "loc": {
          "start": { "line": 84, "column": 7 },
          "end": { "line": 97, "column": 7 }
        },
        "type": "binary-expr",
        "locations": [
          {
            "start": { "line": 84, "column": 7 },
            "end": { "line": 84, "column": 16 }
          },
          {
            "start": { "line": 85, "column": 8 },
            "end": { "line": 96, "column": 14 }
          }
        ],
        "line": 84
      },
      "4": {
        "loc": {
          "start": { "line": 86, "column": 11 },
          "end": { "line": 90, "column": 11 }
        },
        "type": "binary-expr",
        "locations": [
          {
            "start": { "line": 86, "column": 11 },
            "end": { "line": 86, "column": 29 }
          },
          {
            "start": { "line": 87, "column": 12 },
            "end": { "line": 89, "column": 25 }
          }
        ],
        "line": 86
      },
      "5": {
        "loc": {
          "start": { "line": 91, "column": 11 },
          "end": { "line": 95, "column": 11 }
        },
        "type": "binary-expr",
        "locations": [
          {
            "start": { "line": 91, "column": 11 },
            "end": { "line": 91, "column": 57 }
          },
          {
            "start": { "line": 92, "column": 12 },
            "end": { "line": 94, "column": 25 }
          }
        ],
        "line": 91
      }
    },
    "s": {
      "0": 2,
      "1": 7,
      "2": 7,
      "3": 7,
      "4": 7,
      "5": 7,
      "6": 1,
      "7": 1,
      "8": 1,
      "9": 7,
      "10": 0,
      "11": 7,
      "12": 1,
      "13": 1,
      "14": 1,
      "15": 7,
      "16": 1,
      "17": 7,
      "18": 0,
      "19": 7,
      "20": 7
    },
    "f": { "0": 7, "1": 1, "2": 0, "3": 1, "4": 1, "5": 0 },
    "b": {
      "0": [1, 0],
      "1": [1, 0],
      "2": [7, 7],
      "3": [7, 7],
      "4": [7, 1],
      "5": [7, 7]
    },
    "_coverageSchema": "1a1c01bbd47fc00a2c39e90264f33305004495a9",
    "hash": "c2990d97d81eff169c40e8ca824ef64160f36e9a"
  },
  "/Users/shengnanhuang/Desktop/HR/rpp35/fec-capstone/client/src/components/product-overview-module/image-gallery/image-view-item/ImageViewItem.jsx": {
    "path": "/Users/shengnanhuang/Desktop/HR/rpp35/fec-capstone/client/src/components/product-overview-module/image-gallery/image-view-item/ImageViewItem.jsx",
    "statementMap": {
      "0": {
        "start": { "line": 6, "column": 22 },
        "end": { "line": 92, "column": 1 }
      },
      "1": {
        "start": { "line": 14, "column": 54 },
        "end": { "line": 14, "column": 66 }
      },
      "2": {
        "start": { "line": 15, "column": 44 },
        "end": { "line": 18, "column": 4 }
      },
      "3": {
        "start": { "line": 19, "column": 58 },
        "end": { "line": 22, "column": 4 }
      },
      "4": {
        "start": { "line": 25, "column": 22 },
        "end": { "line": 27, "column": 3 }
      },
      "5": {
        "start": { "line": 26, "column": 4 },
        "end": { "line": 26, "column": 22 }
      },
      "6": {
        "start": { "line": 30, "column": 35 },
        "end": { "line": 36, "column": 3 }
      },
      "7": {
        "start": { "line": 31, "column": 4 },
        "end": { "line": 31, "column": 23 }
      },
      "8": {
        "start": { "line": 32, "column": 4 },
        "end": { "line": 35, "column": 7 }
      },
      "9": {
        "start": { "line": 39, "column": 26 },
        "end": { "line": 46, "column": 3 }
      },
      "10": {
        "start": { "line": 40, "column": 4 },
        "end": { "line": 43, "column": 7 }
      },
      "11": {
        "start": { "line": 44, "column": 19 },
        "end": { "line": 44, "column": 59 }
      },
      "12": {
        "start": { "line": 45, "column": 20 },
        "end": { "line": 45, "column": 60 }
      },
      "13": {
        "start": { "line": 49, "column": 36 },
        "end": { "line": 52, "column": 3 }
      },
      "14": {
        "start": { "line": 55, "column": 2 },
        "end": { "line": 91, "column": 3 }
      },
      "15": {
        "start": { "line": 56, "column": 4 },
        "end": { "line": 79, "column": 6 }
      },
      "16": {
        "start": { "line": 82, "column": 4 },
        "end": { "line": 90, "column": 6 }
      }
    },
    "fnMap": {
      "0": {
        "name": "(anonymous_0)",
        "decl": {
          "start": { "line": 6, "column": 22 },
          "end": { "line": 6, "column": 23 }
        },
        "loc": {
          "start": { "line": 13, "column": 6 },
          "end": { "line": 92, "column": 1 }
        },
        "line": 13
      },
      "1": {
        "name": "(anonymous_1)",
        "decl": {
          "start": { "line": 25, "column": 22 },
          "end": { "line": 25, "column": 23 }
        },
        "loc": {
          "start": { "line": 25, "column": 28 },
          "end": { "line": 27, "column": 3 }
        },
        "line": 25
      },
      "2": {
        "name": "(anonymous_2)",
        "decl": {
          "start": { "line": 30, "column": 35 },
          "end": { "line": 30, "column": 36 }
        },
        "loc": {
          "start": { "line": 30, "column": 42 },
          "end": { "line": 36, "column": 3 }
        },
        "line": 30
      },
      "3": {
        "name": "(anonymous_3)",
        "decl": {
          "start": { "line": 39, "column": 26 },
          "end": { "line": 39, "column": 27 }
        },
        "loc": {
          "start": { "line": 39, "column": 33 },
          "end": { "line": 46, "column": 3 }
        },
        "line": 39
      }
    },
    "branchMap": {
      "0": {
        "loc": {
          "start": { "line": 55, "column": 2 },
          "end": { "line": 91, "column": 3 }
        },
        "type": "if",
        "locations": [
          {
            "start": { "line": 55, "column": 2 },
            "end": { "line": 91, "column": 3 }
          },
          {
            "start": { "line": 80, "column": 9 },
            "end": { "line": 91, "column": 3 }
          }
        ],
        "line": 55
      },
      "1": {
        "loc": {
          "start": { "line": 64, "column": 9 },
          "end": { "line": 77, "column": 9 }
        },
        "type": "cond-expr",
        "locations": [
          {
            "start": { "line": 65, "column": 10 },
            "end": { "line": 67, "column": 16 }
          },
          {
            "start": { "line": 69, "column": 10 },
            "end": { "line": 76, "column": 13 }
          }
        ],
        "line": 64
      }
    },
    "s": {
      "0": 3,
      "1": 8,
      "2": 8,
      "3": 8,
      "4": 8,
      "5": 1,
      "6": 8,
      "7": 0,
      "8": 0,
      "9": 8,
      "10": 0,
      "11": 0,
      "12": 0,
      "13": 8,
      "14": 8,
      "15": 1,
      "16": 7
    },
    "f": { "0": 8, "1": 1, "2": 0, "3": 0 },
    "b": { "0": [1, 7], "1": [0, 1] },
    "_coverageSchema": "1a1c01bbd47fc00a2c39e90264f33305004495a9",
    "hash": "25e9098eb343a8aec77ef67e6a533cfe803c3d5a"
  },
  "/Users/shengnanhuang/Desktop/HR/rpp35/fec-capstone/client/src/components/product-overview-module/image-gallery/image-view-thumbnail-item/ImageViewThumbnailItem.jsx": {
    "path": "/Users/shengnanhuang/Desktop/HR/rpp35/fec-capstone/client/src/components/product-overview-module/image-gallery/image-view-thumbnail-item/ImageViewThumbnailItem.jsx",
    "statementMap": {
      "0": {
        "start": { "line": 4, "column": 31 },
        "end": { "line": 31, "column": 1 }
      },
      "1": {
        "start": { "line": 11, "column": 22 },
        "end": { "line": 13, "column": 3 }
      },
      "2": {
        "start": { "line": 12, "column": 4 },
        "end": { "line": 12, "column": 32 }
      },
      "3": {
        "start": { "line": 16, "column": 2 },
        "end": { "line": 20, "column": 3 }
      },
      "4": {
        "start": { "line": 17, "column": 4 },
        "end": { "line": 17, "column": 39 }
      },
      "5": {
        "start": { "line": 19, "column": 4 },
        "end": { "line": 19, "column": 38 }
      },
      "6": {
        "start": { "line": 22, "column": 2 },
        "end": { "line": 30, "column": 4 }
      }
    },
    "fnMap": {
      "0": {
        "name": "(anonymous_0)",
        "decl": {
          "start": { "line": 4, "column": 31 },
          "end": { "line": 4, "column": 32 }
        },
        "loc": {
          "start": { "line": 10, "column": 6 },
          "end": { "line": 31, "column": 1 }
        },
        "line": 10
      },
      "1": {
        "name": "(anonymous_1)",
        "decl": {
          "start": { "line": 11, "column": 22 },
          "end": { "line": 11, "column": 23 }
        },
        "loc": {
          "start": { "line": 11, "column": 28 },
          "end": { "line": 13, "column": 3 }
        },
        "line": 11
      }
    },
    "branchMap": {
      "0": {
        "loc": {
          "start": { "line": 16, "column": 2 },
          "end": { "line": 20, "column": 3 }
        },
        "type": "if",
        "locations": [
          {
            "start": { "line": 16, "column": 2 },
            "end": { "line": 20, "column": 3 }
          },
          {
            "start": { "line": 18, "column": 9 },
            "end": { "line": 20, "column": 3 }
          }
        ],
        "line": 16
      },
      "1": {
        "loc": {
          "start": { "line": 24, "column": 7 },
          "end": { "line": 28, "column": 7 }
        },
        "type": "cond-expr",
        "locations": [
          {
            "start": { "line": 25, "column": 8 },
            "end": { "line": 25, "column": 39 }
          },
          {
            "start": { "line": 27, "column": 8 },
            "end": { "line": 27, "column": 53 }
          }
        ],
        "line": 24
      }
    },
    "s": { "0": 4, "1": 23, "2": 0, "3": 23, "4": 15, "5": 8, "6": 23 },
    "f": { "0": 23, "1": 0 },
    "b": { "0": [15, 8], "1": [3, 20] },
    "_coverageSchema": "1a1c01bbd47fc00a2c39e90264f33305004495a9",
    "hash": "1bd69bf4c94550b8424009b2a2318ebcb8198d1f"
  },
  "/Users/shengnanhuang/Desktop/HR/rpp35/fec-capstone/client/src/components/product-overview-module/image-gallery/image-view-thumbnails/ImageViewThumbnails.jsx": {
    "path": "/Users/shengnanhuang/Desktop/HR/rpp35/fec-capstone/client/src/components/product-overview-module/image-gallery/image-view-thumbnails/ImageViewThumbnails.jsx",
    "statementMap": {
      "0": {
        "start": { "line": 5, "column": 28 },
        "end": { "line": 48, "column": 1 }
      },
      "1": {
        "start": { "line": 11, "column": 2 },
        "end": { "line": 47, "column": 4 }
      },
      "2": {
        "start": { "line": 14, "column": 8 },
        "end": { "line": 44, "column": 9 }
      },
      "3": {
        "start": { "line": 15, "column": 10 },
        "end": { "line": 28, "column": 11 }
      },
      "4": {
        "start": { "line": 16, "column": 12 },
        "end": { "line": 25, "column": 14 }
      },
      "5": {
        "start": { "line": 27, "column": 12 },
        "end": { "line": 27, "column": 24 }
      },
      "6": {
        "start": { "line": 29, "column": 15 },
        "end": { "line": 44, "column": 9 }
      },
      "7": {
        "start": { "line": 30, "column": 10 },
        "end": { "line": 43, "column": 11 }
      },
      "8": {
        "start": { "line": 31, "column": 12 },
        "end": { "line": 40, "column": 14 }
      },
      "9": {
        "start": { "line": 42, "column": 12 },
        "end": { "line": 42, "column": 24 }
      }
    },
    "fnMap": {
      "0": {
        "name": "(anonymous_0)",
        "decl": {
          "start": { "line": 5, "column": 28 },
          "end": { "line": 5, "column": 29 }
        },
        "loc": {
          "start": { "line": 10, "column": 6 },
          "end": { "line": 48, "column": 1 }
        },
        "line": 10
      },
      "1": {
        "name": "(anonymous_1)",
        "decl": {
          "start": { "line": 13, "column": 18 },
          "end": { "line": 13, "column": 19 }
        },
        "loc": {
          "start": { "line": 13, "column": 36 },
          "end": { "line": 45, "column": 7 }
        },
        "line": 13
      }
    },
    "branchMap": {
      "0": {
        "loc": {
          "start": { "line": 14, "column": 8 },
          "end": { "line": 44, "column": 9 }
        },
        "type": "if",
        "locations": [
          {
            "start": { "line": 14, "column": 8 },
            "end": { "line": 44, "column": 9 }
          },
          {
            "start": { "line": 29, "column": 15 },
            "end": { "line": 44, "column": 9 }
          }
        ],
        "line": 14
      },
      "1": {
        "loc": {
          "start": { "line": 15, "column": 10 },
          "end": { "line": 28, "column": 11 }
        },
        "type": "if",
        "locations": [
          {
            "start": { "line": 15, "column": 10 },
            "end": { "line": 28, "column": 11 }
          },
          {
            "start": { "line": 26, "column": 17 },
            "end": { "line": 28, "column": 11 }
          }
        ],
        "line": 15
      },
      "2": {
        "loc": {
          "start": { "line": 15, "column": 14 },
          "end": { "line": 15, "column": 63 }
        },
        "type": "binary-expr",
        "locations": [
          {
            "start": { "line": 15, "column": 14 },
            "end": { "line": 15, "column": 38 }
          },
          {
            "start": { "line": 15, "column": 42 },
            "end": { "line": 15, "column": 63 }
          }
        ],
        "line": 15
      },
      "3": {
        "loc": {
          "start": { "line": 29, "column": 15 },
          "end": { "line": 44, "column": 9 }
        },
        "type": "if",
        "locations": [
          {
            "start": { "line": 29, "column": 15 },
            "end": { "line": 44, "column": 9 }
          },
          { "start": {}, "end": {} }
        ],
        "line": 29
      },
      "4": {
        "loc": {
          "start": { "line": 30, "column": 10 },
          "end": { "line": 43, "column": 11 }
        },
        "type": "if",
        "locations": [
          {
            "start": { "line": 30, "column": 10 },
            "end": { "line": 43, "column": 11 }
          },
          {
            "start": { "line": 41, "column": 17 },
            "end": { "line": 43, "column": 11 }
          }
        ],
        "line": 30
      }
    },
    "s": {
      "0": 3,
      "1": 8,
      "2": 25,
      "3": 0,
      "4": 0,
      "5": 0,
      "6": 25,
      "7": 22,
      "8": 22,
      "9": 0
    },
    "f": { "0": 8, "1": 25 },
    "b": { "0": [0, 25], "1": [0, 0], "2": [0, 0], "3": [22, 3], "4": [22, 0] },
    "_coverageSchema": "1a1c01bbd47fc00a2c39e90264f33305004495a9",
    "hash": "b852430e88765ec59ceb4e5957c18c33b9fb9b78"
  },
  "/Users/shengnanhuang/Desktop/HR/rpp35/fec-capstone/client/src/components/product-overview-module/product-information/ProductInformation.jsx": {
    "path": "/Users/shengnanhuang/Desktop/HR/rpp35/fec-capstone/client/src/components/product-overview-module/product-information/ProductInformation.jsx",
    "statementMap": {
      "0": {
        "start": { "line": 7, "column": 27 },
        "end": { "line": 55, "column": 1 }
      },
      "1": {
        "start": { "line": 19, "column": 15 },
        "end": { "line": 19, "column": 17 }
      },
      "2": {
        "start": { "line": 20, "column": 19 },
        "end": { "line": 20, "column": 37 }
      },
      "3": {
        "start": { "line": 21, "column": 2 },
        "end": { "line": 23, "column": 3 }
      },
      "4": {
        "start": { "line": 21, "column": 15 },
        "end": { "line": 21, "column": 16 }
      },
      "5": {
        "start": { "line": 22, "column": 4 },
        "end": { "line": 22, "column": 20 }
      },
      "6": {
        "start": { "line": 24, "column": 2 },
        "end": { "line": 24, "column": 52 }
      },
      "7": {
        "start": { "line": 26, "column": 2 },
        "end": { "line": 54, "column": 4 }
      },
      "8": {
        "start": { "line": 30, "column": 10 },
        "end": { "line": 30, "column": 46 }
      }
    },
    "fnMap": {
      "0": {
        "name": "(anonymous_0)",
        "decl": {
          "start": { "line": 7, "column": 27 },
          "end": { "line": 7, "column": 28 }
        },
        "loc": {
          "start": { "line": 17, "column": 6 },
          "end": { "line": 55, "column": 1 }
        },
        "line": 17
      },
      "1": {
        "name": "(anonymous_1)",
        "decl": {
          "start": { "line": 29, "column": 20 },
          "end": { "line": 29, "column": 21 }
        },
        "loc": {
          "start": { "line": 30, "column": 10 },
          "end": { "line": 30, "column": 46 }
        },
        "line": 30
      }
    },
    "branchMap": {
      "0": {
        "loc": {
          "start": { "line": 42, "column": 7 },
          "end": { "line": 51, "column": 7 }
        },
        "type": "cond-expr",
        "locations": [
          {
            "start": { "line": 43, "column": 8 },
            "end": { "line": 48, "column": 11 }
          },
          {
            "start": { "line": 50, "column": 8 },
            "end": { "line": 50, "column": 68 }
          }
        ],
        "line": 42
      }
    },
    "s": {
      "0": 2,
      "1": 2,
      "2": 2,
      "3": 2,
      "4": 2,
      "5": 7,
      "6": 2,
      "7": 2,
      "8": 9
    },
    "f": { "0": 2, "1": 9 },
    "b": { "0": [1, 1] },
    "_coverageSchema": "1a1c01bbd47fc00a2c39e90264f33305004495a9",
    "hash": "7fd5b49a6158fbf3ed4918674cc4fb1042b989f7"
  },
  "/Users/shengnanhuang/Desktop/HR/rpp35/fec-capstone/client/src/components/product-overview-module/product-information/star/Star.jsx": {
    "path": "/Users/shengnanhuang/Desktop/HR/rpp35/fec-capstone/client/src/components/product-overview-module/product-information/star/Star.jsx",
    "statementMap": {
      "0": {
        "start": { "line": 4, "column": 21 },
        "end": { "line": 27, "column": 1 }
      },
      "1": {
        "start": { "line": 5, "column": 2 },
        "end": { "line": 26, "column": 8 }
      }
    },
    "fnMap": {
      "0": {
        "name": "(anonymous_0)",
        "decl": {
          "start": { "line": 4, "column": 21 },
          "end": { "line": 4, "column": 22 }
        },
        "loc": {
          "start": { "line": 5, "column": 2 },
          "end": { "line": 26, "column": 8 }
        },
        "line": 5
      }
    },
    "branchMap": {},
    "s": { "0": 3, "1": 10 },
    "f": { "0": 10 },
    "b": {},
    "_coverageSchema": "1a1c01bbd47fc00a2c39e90264f33305004495a9",
    "hash": "107c1f5d8dfcbf9a555225df8c7313bad64b93ae"
  },
  "/Users/shengnanhuang/Desktop/HR/rpp35/fec-capstone/client/src/components/product-overview-module/style-selector/style-select/StyleSelect.jsx": {
    "path": "/Users/shengnanhuang/Desktop/HR/rpp35/fec-capstone/client/src/components/product-overview-module/style-selector/style-select/StyleSelect.jsx",
    "statementMap": {
      "0": {
        "start": { "line": 6, "column": 20 },
        "end": { "line": 26, "column": 1 }
      },
      "1": {
        "start": { "line": 7, "column": 2 },
        "end": { "line": 25, "column": 4 }
      },
      "2": {
        "start": { "line": 14, "column": 10 },
        "end": { "line": 21, "column": 12 }
      }
    },
    "fnMap": {
      "0": {
        "name": "(anonymous_0)",
        "decl": {
          "start": { "line": 6, "column": 20 },
          "end": { "line": 6, "column": 21 }
        },
        "loc": {
          "start": { "line": 6, "column": 71 },
          "end": { "line": 26, "column": 1 }
        },
        "line": 6
      },
      "1": {
        "name": "(anonymous_1)",
        "decl": {
          "start": { "line": 13, "column": 31 },
          "end": { "line": 13, "column": 32 }
        },
        "loc": {
          "start": { "line": 14, "column": 10 },
          "end": { "line": 21, "column": 12 }
        },
        "line": 14
      }
    },
    "branchMap": {},
    "s": { "0": 2, "1": 2, "2": 1 },
    "f": { "0": 2, "1": 1 },
    "b": {},
    "_coverageSchema": "1a1c01bbd47fc00a2c39e90264f33305004495a9",
    "hash": "b32d64085265f22a3954b1e920aaa57fc9e3903f"
  },
  "/Users/shengnanhuang/Desktop/HR/rpp35/fec-capstone/client/src/components/product-overview-module/style-selector/style-select-item/StyleSelectItem.jsx": {
    "path": "/Users/shengnanhuang/Desktop/HR/rpp35/fec-capstone/client/src/components/product-overview-module/style-selector/style-select-item/StyleSelectItem.jsx",
    "statementMap": {
      "0": {
        "start": { "line": 6, "column": 14 },
        "end": { "line": 24, "column": 1 }
      },
      "1": {
        "start": { "line": 7, "column": 30 },
        "end": { "line": 7, "column": 45 }
      },
      "2": {
        "start": { "line": 8, "column": 22 },
        "end": { "line": 10, "column": 3 }
      },
      "3": {
        "start": { "line": 9, "column": 4 },
        "end": { "line": 9, "column": 31 }
      },
      "4": {
        "start": { "line": 12, "column": 2 },
        "end": { "line": 23, "column": 4 }
      }
    },
    "fnMap": {
      "0": {
        "name": "(anonymous_0)",
        "decl": {
          "start": { "line": 6, "column": 14 },
          "end": { "line": 6, "column": 15 }
        },
        "loc": {
          "start": { "line": 6, "column": 71 },
          "end": { "line": 24, "column": 1 }
        },
        "line": 6
      },
      "1": {
        "name": "(anonymous_1)",
        "decl": {
          "start": { "line": 8, "column": 22 },
          "end": { "line": 8, "column": 23 }
        },
        "loc": {
          "start": { "line": 8, "column": 28 },
          "end": { "line": 10, "column": 3 }
        },
        "line": 8
      }
    },
    "branchMap": {
      "0": {
        "loc": {
          "start": { "line": 14, "column": 7 },
          "end": { "line": 21, "column": 7 }
        },
        "type": "cond-expr",
        "locations": [
          {
            "start": { "line": 15, "column": 8 },
            "end": { "line": 18, "column": 11 }
          },
          {
            "start": { "line": 20, "column": 8 },
            "end": { "line": 20, "column": 69 }
          }
        ],
        "line": 14
      }
    },
    "s": { "0": 3, "1": 2, "2": 2, "3": 0, "4": 2 },
    "f": { "0": 2, "1": 0 },
    "b": { "0": [1, 1] },
    "_coverageSchema": "1a1c01bbd47fc00a2c39e90264f33305004495a9",
    "hash": "46adae5eb6cab1ec7a84cf4e75b4ac8ba6d2180e"
  },
  "/Users/shengnanhuang/Desktop/HR/rpp35/fec-capstone/client/src/components/questions-answers-module/questionsAnswers.jsx": {
    "path": "/Users/shengnanhuang/Desktop/HR/rpp35/fec-capstone/client/src/components/questions-answers-module/questionsAnswers.jsx",
    "statementMap": {
      "0": {
        "start": { "line": 12, "column": 4 },
        "end": { "line": 12, "column": 17 }
      },
      "1": {
        "start": { "line": 13, "column": 4 },
        "end": { "line": 18, "column": 6 }
      },
      "2": {
        "start": { "line": 20, "column": 4 },
        "end": { "line": 31, "column": 9 }
      },
      "3": {
        "start": { "line": 27, "column": 8 },
        "end": { "line": 27, "column": 62 }
      },
      "4": {
        "start": { "line": 30, "column": 8 },
        "end": { "line": 30, "column": 40 }
      },
      "5": {
        "start": { "line": 35, "column": 4 },
        "end": { "line": 49, "column": 9 }
      },
      "6": {
        "start": { "line": 44, "column": 8 },
        "end": { "line": 44, "column": 62 }
      },
      "7": {
        "start": { "line": 47, "column": 8 },
        "end": { "line": 47, "column": 36 }
      },
      "8": {
        "start": { "line": 48, "column": 8 },
        "end": { "line": 48, "column": 40 }
      },
      "9": {
        "start": { "line": 55, "column": 4 },
        "end": { "line": 62, "column": 6 }
      }
    },
    "fnMap": {
      "0": {
        "name": "(anonymous_0)",
        "decl": {
          "start": { "line": 11, "column": 2 },
          "end": { "line": 11, "column": 3 }
        },
        "loc": {
          "start": { "line": 11, "column": 21 },
          "end": { "line": 32, "column": 3 }
        },
        "line": 11
      },
      "1": {
        "name": "(anonymous_1)",
        "decl": {
          "start": { "line": 26, "column": 12 },
          "end": { "line": 26, "column": 13 }
        },
        "loc": {
          "start": { "line": 26, "column": 25 },
          "end": { "line": 28, "column": 7 }
        },
        "line": 26
      },
      "2": {
        "name": "(anonymous_2)",
        "decl": {
          "start": { "line": 29, "column": 13 },
          "end": { "line": 29, "column": 14 }
        },
        "loc": {
          "start": { "line": 29, "column": 24 },
          "end": { "line": 31, "column": 7 }
        },
        "line": 29
      },
      "3": {
        "name": "(anonymous_3)",
        "decl": {
          "start": { "line": 34, "column": 2 },
          "end": { "line": 34, "column": 3 }
        },
        "loc": {
          "start": { "line": 34, "column": 22 },
          "end": { "line": 50, "column": 3 }
        },
        "line": 34
      },
      "4": {
        "name": "(anonymous_4)",
        "decl": {
          "start": { "line": 42, "column": 12 },
          "end": { "line": 42, "column": 13 }
        },
        "loc": {
          "start": { "line": 42, "column": 25 },
          "end": { "line": 45, "column": 7 }
        },
        "line": 42
      },
      "5": {
        "name": "(anonymous_5)",
        "decl": {
          "start": { "line": 46, "column": 13 },
          "end": { "line": 46, "column": 14 }
        },
        "loc": {
          "start": { "line": 46, "column": 24 },
          "end": { "line": 49, "column": 7 }
        },
        "line": 46
      },
      "6": {
        "name": "(anonymous_6)",
        "decl": {
          "start": { "line": 52, "column": 2 },
          "end": { "line": 52, "column": 3 }
        },
        "loc": {
          "start": { "line": 52, "column": 11 },
          "end": { "line": 63, "column": 3 }
        },
        "line": 52
      }
    },
    "branchMap": {},
    "s": {
      "0": 1,
      "1": 1,
      "2": 1,
      "3": 0,
      "4": 0,
      "5": 1,
      "6": 0,
      "7": 0,
      "8": 0,
      "9": 1
    },
    "f": { "0": 1, "1": 0, "2": 0, "3": 1, "4": 0, "5": 0, "6": 1 },
    "b": {},
    "_coverageSchema": "1a1c01bbd47fc00a2c39e90264f33305004495a9",
    "hash": "a24485a0acc4208d9bfa28c9313bb2a4f65b43bf"
  },
  "/Users/shengnanhuang/Desktop/HR/rpp35/fec-capstone/client/src/components/questions-answers-module/subcomponents/answer.jsx": {
    "path": "/Users/shengnanhuang/Desktop/HR/rpp35/fec-capstone/client/src/components/questions-answers-module/subcomponents/answer.jsx",
    "statementMap": {
      "0": {
        "start": { "line": 8, "column": 4 },
        "end": { "line": 17, "column": 9 }
      },
      "1": {
        "start": { "line": 12, "column": 8 },
        "end": { "line": 12, "column": 84 }
      },
      "2": {
        "start": { "line": 16, "column": 8 },
        "end": { "line": 16, "column": 80 }
      },
      "3": {
        "start": { "line": 21, "column": 4 },
        "end": { "line": 30, "column": 7 }
      }
    },
    "fnMap": {
      "0": {
        "name": "(anonymous_0)",
        "decl": {
          "start": { "line": 7, "column": 2 },
          "end": { "line": 7, "column": 3 }
        },
        "loc": {
          "start": { "line": 7, "column": 15 },
          "end": { "line": 18, "column": 3 }
        },
        "line": 7
      },
      "1": {
        "name": "(anonymous_1)",
        "decl": {
          "start": { "line": 11, "column": 12 },
          "end": { "line": 11, "column": 13 }
        },
        "loc": {
          "start": { "line": 11, "column": 25 },
          "end": { "line": 14, "column": 7 }
        },
        "line": 11
      },
      "2": {
        "name": "(anonymous_2)",
        "decl": {
          "start": { "line": 15, "column": 13 },
          "end": { "line": 15, "column": 14 }
        },
        "loc": {
          "start": { "line": 15, "column": 24 },
          "end": { "line": 17, "column": 7 }
        },
        "line": 15
      },
      "3": {
        "name": "(anonymous_3)",
        "decl": {
          "start": { "line": 20, "column": 2 },
          "end": { "line": 20, "column": 3 }
        },
        "loc": {
          "start": { "line": 20, "column": 12 },
          "end": { "line": 31, "column": 3 }
        },
        "line": 20
      }
    },
    "branchMap": {},
    "s": { "0": 0, "1": 0, "2": 0, "3": 0 },
    "f": { "0": 0, "1": 0, "2": 0, "3": 0 },
    "b": {},
    "_coverageSchema": "1a1c01bbd47fc00a2c39e90264f33305004495a9",
    "hash": "359adf93d9490443cd2f22a7a2c80dbe306bd0e1"
  },
  "/Users/shengnanhuang/Desktop/HR/rpp35/fec-capstone/client/src/components/questions-answers-module/subcomponents/answersList.jsx": {
    "path": "/Users/shengnanhuang/Desktop/HR/rpp35/fec-capstone/client/src/components/questions-answers-module/subcomponents/answersList.jsx",
    "statementMap": {
      "0": {
        "start": { "line": 10, "column": 4 },
        "end": { "line": 10, "column": 17 }
      },
      "1": {
        "start": { "line": 11, "column": 4 },
        "end": { "line": 13, "column": 6 }
      },
      "2": {
        "start": { "line": 14, "column": 4 },
        "end": { "line": 26, "column": 9 }
      },
      "3": {
        "start": { "line": 22, "column": 8 },
        "end": { "line": 22, "column": 57 }
      },
      "4": {
        "start": { "line": 25, "column": 8 },
        "end": { "line": 25, "column": 36 }
      },
      "5": {
        "start": { "line": 32, "column": 4 },
        "end": { "line": 38, "column": 5 }
      },
      "6": {
        "start": { "line": 35, "column": 10 },
        "end": { "line": 35, "column": 42 }
      }
    },
    "fnMap": {
      "0": {
        "name": "(anonymous_0)",
        "decl": {
          "start": { "line": 9, "column": 2 },
          "end": { "line": 9, "column": 3 }
        },
        "loc": {
          "start": { "line": 9, "column": 21 },
          "end": { "line": 27, "column": 3 }
        },
        "line": 9
      },
      "1": {
        "name": "(anonymous_1)",
        "decl": {
          "start": { "line": 20, "column": 12 },
          "end": { "line": 20, "column": 13 }
        },
        "loc": {
          "start": { "line": 20, "column": 25 },
          "end": { "line": 23, "column": 7 }
        },
        "line": 20
      },
      "2": {
        "name": "(anonymous_2)",
        "decl": {
          "start": { "line": 24, "column": 13 },
          "end": { "line": 24, "column": 14 }
        },
        "loc": {
          "start": { "line": 24, "column": 24 },
          "end": { "line": 26, "column": 7 }
        },
        "line": 24
      },
      "3": {
        "name": "(anonymous_3)",
        "decl": {
          "start": { "line": 31, "column": 2 },
          "end": { "line": 31, "column": 3 }
        },
        "loc": {
          "start": { "line": 31, "column": 12 },
          "end": { "line": 39, "column": 3 }
        },
        "line": 31
      },
      "4": {
        "name": "(anonymous_4)",
        "decl": {
          "start": { "line": 34, "column": 35 },
          "end": { "line": 34, "column": 36 }
        },
        "loc": {
          "start": { "line": 34, "column": 47 },
          "end": { "line": 36, "column": 9 }
        },
        "line": 34
      }
    },
    "branchMap": {},
    "s": { "0": 0, "1": 0, "2": 0, "3": 0, "4": 0, "5": 0, "6": 0 },
    "f": { "0": 0, "1": 0, "2": 0, "3": 0, "4": 0 },
    "b": {},
    "_coverageSchema": "1a1c01bbd47fc00a2c39e90264f33305004495a9",
    "hash": "9efdfbde2fd7b43bc0ff17392eb718fe06ac9003"
  },
  "/Users/shengnanhuang/Desktop/HR/rpp35/fec-capstone/client/src/components/questions-answers-module/subcomponents/question.jsx": {
    "path": "/Users/shengnanhuang/Desktop/HR/rpp35/fec-capstone/client/src/components/questions-answers-module/subcomponents/question.jsx",
    "statementMap": {
      "0": {
        "start": { "line": 12, "column": 4 },
        "end": { "line": 21, "column": 9 }
      },
      "1": {
        "start": { "line": 16, "column": 8 },
        "end": { "line": 16, "column": 86 }
      },
      "2": {
        "start": { "line": 20, "column": 8 },
        "end": { "line": 20, "column": 82 }
      },
      "3": {
        "start": { "line": 25, "column": 4 },
        "end": { "line": 39, "column": 7 }
      }
    },
    "fnMap": {
      "0": {
        "name": "(anonymous_0)",
        "decl": {
          "start": { "line": 11, "column": 2 },
          "end": { "line": 11, "column": 3 }
        },
        "loc": {
          "start": { "line": 11, "column": 15 },
          "end": { "line": 22, "column": 3 }
        },
        "line": 11
      },
      "1": {
        "name": "(anonymous_1)",
        "decl": {
          "start": { "line": 15, "column": 12 },
          "end": { "line": 15, "column": 13 }
        },
        "loc": {
          "start": { "line": 15, "column": 25 },
          "end": { "line": 18, "column": 7 }
        },
        "line": 15
      },
      "2": {
        "name": "(anonymous_2)",
        "decl": {
          "start": { "line": 19, "column": 13 },
          "end": { "line": 19, "column": 14 }
        },
        "loc": {
          "start": { "line": 19, "column": 24 },
          "end": { "line": 21, "column": 7 }
        },
        "line": 19
      },
      "3": {
        "name": "(anonymous_3)",
        "decl": {
          "start": { "line": 24, "column": 2 },
          "end": { "line": 24, "column": 3 }
        },
        "loc": {
          "start": { "line": 24, "column": 12 },
          "end": { "line": 40, "column": 3 }
        },
        "line": 24
      }
    },
    "branchMap": {},
    "s": { "0": 0, "1": 0, "2": 0, "3": 0 },
    "f": { "0": 0, "1": 0, "2": 0, "3": 0 },
    "b": {},
    "_coverageSchema": "1a1c01bbd47fc00a2c39e90264f33305004495a9",
    "hash": "6fbf8c2af61e430cec269b1124d43a217f90572d"
  },
  "/Users/shengnanhuang/Desktop/HR/rpp35/fec-capstone/client/src/components/questions-answers-module/subcomponents/questionsList.jsx": {
    "path": "/Users/shengnanhuang/Desktop/HR/rpp35/fec-capstone/client/src/components/questions-answers-module/subcomponents/questionsList.jsx",
    "statementMap": {
      "0": {
        "start": { "line": 12, "column": 4 },
        "end": { "line": 18, "column": 5 }
      },
      "1": {
        "start": { "line": 15, "column": 10 },
        "end": { "line": 15, "column": 48 }
      }
    },
    "fnMap": {
      "0": {
        "name": "(anonymous_0)",
        "decl": {
          "start": { "line": 11, "column": 2 },
          "end": { "line": 11, "column": 3 }
        },
        "loc": {
          "start": { "line": 11, "column": 12 },
          "end": { "line": 19, "column": 3 }
        },
        "line": 11
      },
      "1": {
        "name": "(anonymous_1)",
        "decl": {
          "start": { "line": 14, "column": 37 },
          "end": { "line": 14, "column": 38 }
        },
        "loc": {
          "start": { "line": 14, "column": 51 },
          "end": { "line": 16, "column": 9 }
        },
        "line": 14
      }
    },
    "branchMap": {},
    "s": { "0": 1, "1": 0 },
    "f": { "0": 1, "1": 0 },
    "b": {},
    "_coverageSchema": "1a1c01bbd47fc00a2c39e90264f33305004495a9",
    "hash": "13a84d71a9c89920e627ab635fd35ce25f1271c4"
  },
  "/Users/shengnanhuang/Desktop/HR/rpp35/fec-capstone/client/src/components/questions-answers-module/subcomponents/search.jsx": {
    "path": "/Users/shengnanhuang/Desktop/HR/rpp35/fec-capstone/client/src/components/questions-answers-module/subcomponents/search.jsx",
    "statementMap": {
      "0": {
        "start": { "line": 18, "column": 4 },
        "end": { "line": 18, "column": 16 }
      },
      "1": {
        "start": { "line": 19, "column": 4 },
        "end": { "line": 21, "column": 5 }
      },
      "2": {
        "start": { "line": 27, "column": 4 },
        "end": { "line": 29, "column": 5 }
      }
    },
    "fnMap": {
      "0": {
        "name": "(anonymous_0)",
        "decl": {
          "start": { "line": 17, "column": 2 },
          "end": { "line": 17, "column": 3 }
        },
        "loc": {
          "start": { "line": 17, "column": 22 },
          "end": { "line": 22, "column": 3 }
        },
        "line": 17
      },
      "1": {
        "name": "(anonymous_1)",
        "decl": {
          "start": { "line": 26, "column": 2 },
          "end": { "line": 26, "column": 3 }
        },
        "loc": {
          "start": { "line": 26, "column": 12 },
          "end": { "line": 30, "column": 3 }
        },
        "line": 26
      }
    },
    "branchMap": {},
    "s": { "0": 1, "1": 1, "2": 1 },
    "f": { "0": 1, "1": 1 },
    "b": {},
    "_coverageSchema": "1a1c01bbd47fc00a2c39e90264f33305004495a9",
    "hash": "4b8dae0375449a9d7f95504472e7b09c140b779f"
  },
  "/Users/shengnanhuang/Desktop/HR/rpp35/fec-capstone/client/src/components/ratings&reviews/RatingsAndReviews.jsx": {
    "path": "/Users/shengnanhuang/Desktop/HR/rpp35/fec-capstone/client/src/components/ratings&reviews/RatingsAndReviews.jsx",
    "statementMap": {
      "0": {
        "start": { "line": 9, "column": 26 },
        "end": { "line": 45, "column": 1 }
      },
      "1": {
        "start": { "line": 10, "column": 46 },
        "end": { "line": 10, "column": 77 }
      },
      "2": {
        "start": { "line": 11, "column": 54 },
        "end": { "line": 11, "column": 81 }
      },
      "3": {
        "start": { "line": 13, "column": 2 },
        "end": { "line": 33, "column": 25 }
      },
      "4": {
        "start": { "line": 14, "column": 4 },
        "end": { "line": 32, "column": 5 }
      },
      "5": {
        "start": { "line": 15, "column": 6 },
        "end": { "line": 31, "column": 11 }
      },
      "6": {
        "start": { "line": 28, "column": 10 },
        "end": { "line": 28, "column": 93 }
      },
      "7": {
        "start": { "line": 29, "column": 10 },
        "end": { "line": 29, "column": 48 }
      },
      "8": {
        "start": { "line": 30, "column": 10 },
        "end": { "line": 30, "column": 44 }
      },
      "9": {
        "start": { "line": 36, "column": 2 },
        "end": { "line": 36, "column": 80 }
      },
      "10": {
        "start": { "line": 37, "column": 2 },
        "end": { "line": 43, "column": 3 }
      }
    },
    "fnMap": {
      "0": {
        "name": "(anonymous_0)",
        "decl": {
          "start": { "line": 9, "column": 26 },
          "end": { "line": 9, "column": 27 }
        },
        "loc": {
          "start": { "line": 9, "column": 52 },
          "end": { "line": 45, "column": 1 }
        },
        "line": 9
      },
      "1": {
        "name": "(anonymous_1)",
        "decl": {
          "start": { "line": 13, "column": 12 },
          "end": { "line": 13, "column": 13 }
        },
        "loc": {
          "start": { "line": 13, "column": 18 },
          "end": { "line": 33, "column": 3 }
        },
        "line": 13
      },
      "2": {
        "name": "(anonymous_2)",
        "decl": {
          "start": { "line": 27, "column": 27 },
          "end": { "line": 27, "column": 28 }
        },
        "loc": {
          "start": { "line": 27, "column": 45 },
          "end": { "line": 31, "column": 9 }
        },
        "line": 27
      }
    },
    "branchMap": {
      "0": {
        "loc": {
          "start": { "line": 14, "column": 4 },
          "end": { "line": 32, "column": 5 }
        },
        "type": "if",
        "locations": [
          {
            "start": { "line": 14, "column": 4 },
            "end": { "line": 32, "column": 5 }
          },
          { "start": {}, "end": {} }
        ],
        "line": 14
      }
    },
    "s": {
      "0": 1,
      "1": 1,
      "2": 1,
      "3": 1,
      "4": 1,
      "5": 0,
      "6": 0,
      "7": 0,
      "8": 0,
      "9": 1,
      "10": 1
    },
    "f": { "0": 1, "1": 1, "2": 0 },
    "b": { "0": [0, 1] },
    "_coverageSchema": "1a1c01bbd47fc00a2c39e90264f33305004495a9",
    "hash": "87d71f5388cc4d4953f9e3da7f2ea726d952151e"
  },
  "/Users/shengnanhuang/Desktop/HR/rpp35/fec-capstone/client/src/components/ratings&reviews/sampleReviewsMeta.js": {
    "path": "/Users/shengnanhuang/Desktop/HR/rpp35/fec-capstone/client/src/components/ratings&reviews/sampleReviewsMeta.js",
    "statementMap": {},
    "fnMap": {},
    "branchMap": {},
    "s": {},
    "f": {},
    "b": {},
    "_coverageSchema": "1a1c01bbd47fc00a2c39e90264f33305004495a9",
    "hash": "d71e464c0b94b8bd36c04d0213bb1ebe3212ef46"
  },
  "/Users/shengnanhuang/Desktop/HR/rpp35/fec-capstone/client/src/components/ratings&reviews/ratings/Ratings.jsx": {
    "path": "/Users/shengnanhuang/Desktop/HR/rpp35/fec-capstone/client/src/components/ratings&reviews/ratings/Ratings.jsx",
    "statementMap": {
      "0": {
        "start": { "line": 6, "column": 16 },
        "end": { "line": 47, "column": 3 }
      },
      "1": {
        "start": { "line": 7, "column": 20 },
        "end": { "line": 7, "column": 21 }
      },
      "2": {
        "start": { "line": 8, "column": 23 },
        "end": { "line": 19, "column": 3 }
      },
      "3": {
        "start": { "line": 9, "column": 4 },
        "end": { "line": 9, "column": 75 }
      },
      "4": {
        "start": { "line": 10, "column": 22 },
        "end": { "line": 10, "column": 23 }
      },
      "5": {
        "start": { "line": 11, "column": 15 },
        "end": { "line": 11, "column": 47 }
      },
      "6": {
        "start": { "line": 12, "column": 4 },
        "end": { "line": 17, "column": 6 }
      },
      "7": {
        "start": { "line": 13, "column": 6 },
        "end": { "line": 13, "column": 49 }
      },
      "8": {
        "start": { "line": 14, "column": 6 },
        "end": { "line": 14, "column": 70 }
      },
      "9": {
        "start": { "line": 15, "column": 6 },
        "end": { "line": 15, "column": 54 }
      },
      "10": {
        "start": { "line": 16, "column": 6 },
        "end": { "line": 16, "column": 43 }
      },
      "11": {
        "start": { "line": 18, "column": 4 },
        "end": { "line": 18, "column": 71 }
      },
      "12": {
        "start": { "line": 20, "column": 30 },
        "end": { "line": 23, "column": 5 }
      },
      "13": {
        "start": { "line": 21, "column": 22 },
        "end": { "line": 21, "column": 58 }
      },
      "14": {
        "start": { "line": 22, "column": 6 },
        "end": { "line": 22, "column": 63 }
      },
      "15": {
        "start": { "line": 24, "column": 24 },
        "end": { "line": 26, "column": 5 }
      },
      "16": {
        "start": { "line": 25, "column": 6 },
        "end": { "line": 25, "column": 81 }
      },
      "17": {
        "start": { "line": 27, "column": 20 },
        "end": { "line": 27, "column": 34 }
      },
      "18": {
        "start": { "line": 28, "column": 25 },
        "end": { "line": 28, "column": 44 }
      },
      "19": {
        "start": { "line": 29, "column": 4 },
        "end": { "line": 46, "column": 6 }
      },
      "20": {
        "start": { "line": 38, "column": 16 },
        "end": { "line": 41, "column": 22 }
      }
    },
    "fnMap": {
      "0": {
        "name": "(anonymous_0)",
        "decl": {
          "start": { "line": 6, "column": 16 },
          "end": { "line": 6, "column": 17 }
        },
        "loc": {
          "start": { "line": 6, "column": 37 },
          "end": { "line": 47, "column": 3 }
        },
        "line": 6
      },
      "1": {
        "name": "(anonymous_1)",
        "decl": {
          "start": { "line": 8, "column": 23 },
          "end": { "line": 8, "column": 24 }
        },
        "loc": {
          "start": { "line": 8, "column": 29 },
          "end": { "line": 19, "column": 3 }
        },
        "line": 8
      },
      "2": {
        "name": "(anonymous_2)",
        "decl": {
          "start": { "line": 12, "column": 17 },
          "end": { "line": 12, "column": 18 }
        },
        "loc": {
          "start": { "line": 12, "column": 26 },
          "end": { "line": 17, "column": 5 }
        },
        "line": 12
      },
      "3": {
        "name": "(anonymous_3)",
        "decl": {
          "start": { "line": 20, "column": 30 },
          "end": { "line": 20, "column": 31 }
        },
        "loc": {
          "start": { "line": 20, "column": 36 },
          "end": { "line": 23, "column": 5 }
        },
        "line": 20
      },
      "4": {
        "name": "(anonymous_4)",
        "decl": {
          "start": { "line": 24, "column": 24 },
          "end": { "line": 24, "column": 25 }
        },
        "loc": {
          "start": { "line": 24, "column": 36 },
          "end": { "line": 26, "column": 5 }
        },
        "line": 24
      },
      "5": {
        "name": "(anonymous_5)",
        "decl": {
          "start": { "line": 37, "column": 42 },
          "end": { "line": 37, "column": 43 }
        },
        "loc": {
          "start": { "line": 38, "column": 16 },
          "end": { "line": 41, "column": 22 }
        },
        "line": 38
      }
    },
    "branchMap": {
      "0": {
        "loc": {
          "start": { "line": 25, "column": 13 },
          "end": { "line": 25, "column": 80 }
        },
        "type": "cond-expr",
        "locations": [
          {
            "start": { "line": 25, "column": 42 },
            "end": { "line": 25, "column": 77 }
          },
          {
            "start": { "line": 25, "column": 79 },
            "end": { "line": 25, "column": 80 }
          }
        ],
        "line": 25
      }
    },
    "s": {
      "0": 2,
      "1": 2,
      "2": 2,
      "3": 2,
      "4": 2,
      "5": 2,
      "6": 2,
      "7": 8,
      "8": 8,
      "9": 8,
      "10": 8,
      "11": 2,
      "12": 2,
      "13": 2,
      "14": 2,
      "15": 2,
      "16": 10,
      "17": 2,
      "18": 2,
      "19": 2,
      "20": 10
    },
    "f": { "0": 2, "1": 2, "2": 8, "3": 2, "4": 10, "5": 10 },
    "b": { "0": [8, 2] },
    "_coverageSchema": "1a1c01bbd47fc00a2c39e90264f33305004495a9",
    "hash": "af0b78a72451288a01c6372c9c01116e10f5db01"
  },
  "/Users/shengnanhuang/Desktop/HR/rpp35/fec-capstone/client/src/components/ratings&reviews/reviews/ReviewTile.jsx": {
    "path": "/Users/shengnanhuang/Desktop/HR/rpp35/fec-capstone/client/src/components/ratings&reviews/reviews/ReviewTile.jsx",
    "statementMap": {
      "0": {
        "start": { "line": 4, "column": 19 },
        "end": { "line": 23, "column": 1 }
      },
      "1": {
        "start": { "line": 5, "column": 2 },
        "end": { "line": 5, "column": 45 }
      },
      "2": {
        "start": { "line": 7, "column": 15 },
        "end": { "line": 8, "column": 69 }
      },
      "3": {
        "start": { "line": 9, "column": 14 },
        "end": { "line": 9, "column": 57 }
      },
      "4": {
        "start": { "line": 10, "column": 13 },
        "end": { "line": 10, "column": 37 }
      },
      "5": {
        "start": { "line": 11, "column": 13 },
        "end": { "line": 11, "column": 36 }
      },
      "6": {
        "start": { "line": 12, "column": 2 },
        "end": { "line": 22, "column": 3 }
      }
    },
    "fnMap": {
      "0": {
        "name": "(anonymous_0)",
        "decl": {
          "start": { "line": 4, "column": 19 },
          "end": { "line": 4, "column": 20 }
        },
        "loc": {
          "start": { "line": 4, "column": 35 },
          "end": { "line": 23, "column": 1 }
        },
        "line": 4
      }
    },
    "branchMap": {
      "0": {
        "loc": {
          "start": { "line": 16, "column": 7 },
          "end": { "line": 16, "column": 85 }
        },
        "type": "cond-expr",
        "locations": [
          {
            "start": { "line": 16, "column": 26 },
            "end": { "line": 16, "column": 77 }
          },
          {
            "start": { "line": 16, "column": 80 },
            "end": { "line": 16, "column": 85 }
          }
        ],
        "line": 16
      },
      "1": {
        "loc": {
          "start": { "line": 17, "column": 7 },
          "end": { "line": 17, "column": 129 }
        },
        "type": "cond-expr",
        "locations": [
          {
            "start": { "line": 17, "column": 51 },
            "end": { "line": 17, "column": 121 }
          },
          {
            "start": { "line": 17, "column": 124 },
            "end": { "line": 17, "column": 129 }
          }
        ],
        "line": 17
      },
      "2": {
        "loc": {
          "start": { "line": 17, "column": 7 },
          "end": { "line": 17, "column": 48 }
        },
        "type": "binary-expr",
        "locations": [
          {
            "start": { "line": 17, "column": 7 },
            "end": { "line": 17, "column": 22 }
          },
          {
            "start": { "line": 17, "column": 26 },
            "end": { "line": 17, "column": 48 }
          }
        ],
        "line": 17
      }
    },
    "s": { "0": 3, "1": 3, "2": 3, "3": 3, "4": 3, "5": 3, "6": 3 },
    "f": { "0": 3 },
    "b": { "0": [3, 0], "1": [0, 3], "2": [3, 0] },
    "_coverageSchema": "1a1c01bbd47fc00a2c39e90264f33305004495a9",
    "hash": "cb5c4c5d8bad4911f72c3abf6eb90675ee6fcd0b"
  },
  "/Users/shengnanhuang/Desktop/HR/rpp35/fec-capstone/client/src/components/ratings&reviews/reviews/ReviewsList.jsx": {
    "path": "/Users/shengnanhuang/Desktop/HR/rpp35/fec-capstone/client/src/components/ratings&reviews/reviews/ReviewsList.jsx",
    "statementMap": {
      "0": {
        "start": { "line": 5, "column": 20 },
        "end": { "line": 36, "column": 1 }
      },
      "1": {
        "start": { "line": 6, "column": 2 },
        "end": { "line": 6, "column": 47 }
      },
      "2": {
        "start": { "line": 7, "column": 44 },
        "end": { "line": 7, "column": 55 }
      },
      "3": {
        "start": { "line": 9, "column": 4 },
        "end": { "line": 9, "column": 46 }
      },
      "4": {
        "start": { "line": 10, "column": 4 },
        "end": { "line": 14, "column": 5 }
      },
      "5": {
        "start": { "line": 11, "column": 6 },
        "end": { "line": 11, "column": 41 }
      },
      "6": {
        "start": { "line": 13, "column": 6 },
        "end": { "line": 13, "column": 38 }
      },
      "7": {
        "start": { "line": 16, "column": 2 },
        "end": { "line": 34, "column": 4 }
      },
      "8": {
        "start": { "line": 28, "column": 10 },
        "end": { "line": 28, "column": 51 }
      }
    },
    "fnMap": {
      "0": {
        "name": "(anonymous_0)",
        "decl": {
          "start": { "line": 5, "column": 20 },
          "end": { "line": 5, "column": 21 }
        },
        "loc": {
          "start": { "line": 5, "column": 37 },
          "end": { "line": 36, "column": 1 }
        },
        "line": 5
      },
      "1": {
        "name": "moreReviewsOnClick",
        "decl": {
          "start": { "line": 8, "column": 11 },
          "end": { "line": 8, "column": 29 }
        },
        "loc": {
          "start": { "line": 8, "column": 32 },
          "end": { "line": 15, "column": 3 }
        },
        "line": 8
      },
      "2": {
        "name": "(anonymous_2)",
        "decl": {
          "start": { "line": 27, "column": 43 },
          "end": { "line": 27, "column": 44 }
        },
        "loc": {
          "start": { "line": 28, "column": 10 },
          "end": { "line": 28, "column": 51 }
        },
        "line": 28
      }
    },
    "branchMap": {
      "0": {
        "loc": {
          "start": { "line": 10, "column": 4 },
          "end": { "line": 14, "column": 5 }
        },
        "type": "if",
        "locations": [
          {
            "start": { "line": 10, "column": 4 },
            "end": { "line": 14, "column": 5 }
          },
          {
            "start": { "line": 12, "column": 11 },
            "end": { "line": 14, "column": 5 }
          }
        ],
        "line": 10
      },
      "1": {
        "loc": {
          "start": { "line": 31, "column": 7 },
          "end": { "line": 31, "column": 128 }
        },
        "type": "cond-expr",
        "locations": [
          {
            "start": { "line": 31, "column": 62 },
            "end": { "line": 31, "column": 120 }
          },
          {
            "start": { "line": 31, "column": 123 },
            "end": { "line": 31, "column": 128 }
          }
        ],
        "line": 31
      },
      "2": {
        "loc": {
          "start": { "line": 31, "column": 7 },
          "end": { "line": 31, "column": 59 }
        },
        "type": "binary-expr",
        "locations": [
          {
            "start": { "line": 31, "column": 7 },
            "end": { "line": 31, "column": 25 }
          },
          {
            "start": { "line": 31, "column": 29 },
            "end": { "line": 31, "column": 59 }
          }
        ],
        "line": 31
      }
    },
    "s": {
      "0": 2,
      "1": 2,
      "2": 2,
      "3": 0,
      "4": 0,
      "5": 0,
      "6": 0,
      "7": 2,
      "8": 2
    },
    "f": { "0": 2, "1": 0, "2": 2 },
    "b": { "0": [0, 0], "1": [0, 2], "2": [2, 0] },
    "_coverageSchema": "1a1c01bbd47fc00a2c39e90264f33305004495a9",
    "hash": "2db2cdf0e0af8ef00030ce7ba6af31f0769765c6"
  },
  "/Users/shengnanhuang/Desktop/HR/rpp35/fec-capstone/client/src/components/ratings&reviews/reviews/reviewsForProductId71697.js": {
    "path": "/Users/shengnanhuang/Desktop/HR/rpp35/fec-capstone/client/src/components/ratings&reviews/reviews/reviewsForProductId71697.js",
    "statementMap": {},
    "fnMap": {},
    "branchMap": {},
    "s": {},
    "f": {},
    "b": {},
    "_coverageSchema": "1a1c01bbd47fc00a2c39e90264f33305004495a9",
    "hash": "aa97a0877eb054c0f1505559ef22ab4dfc281f45"
  },
  "/Users/shengnanhuang/Desktop/HR/rpp35/fec-capstone/client/src/components/ratings&reviews/reviews/starRating/StarRating.jsx": {
    "path": "/Users/shengnanhuang/Desktop/HR/rpp35/fec-capstone/client/src/components/ratings&reviews/reviews/starRating/StarRating.jsx",
    "statementMap": {
      "0": {
        "start": { "line": 3, "column": 19 },
        "end": { "line": 10, "column": 9 }
      },
      "1": {
        "start": { "line": 5, "column": 2 },
        "end": { "line": 10, "column": 8 }
      }
    },
    "fnMap": {
      "0": {
        "name": "(anonymous_0)",
        "decl": {
          "start": { "line": 3, "column": 19 },
          "end": { "line": 3, "column": 20 }
        },
        "loc": {
          "start": { "line": 3, "column": 35 },
          "end": { "line": 10, "column": 9 }
        },
        "line": 3
      }
    },
    "branchMap": {},
    "s": { "0": 4, "1": 5 },
    "f": { "0": 5 },
    "b": {},
    "_coverageSchema": "1a1c01bbd47fc00a2c39e90264f33305004495a9",
    "hash": "5443a7dbfb007cb55fb18f71b04762e7e01af933"
  }
}
