TN:
SF:client/src/components/product-overview-module/ProductOverview.jsx
FN:12,(anonymous_0)
FN:21,(anonymous_1)
FN:29,(anonymous_2)
FN:40,(anonymous_3)
FN:45,(anonymous_4)
FN:50,(anonymous_5)
FN:55,(anonymous_6)
FN:57,(anonymous_7)
FN:64,(anonymous_8)
FN:65,(anonymous_9)
FN:127,(anonymous_10)
FNF:11
FNH:8
FNDA:12,(anonymous_0)
FNDA:5,(anonymous_1)
FNDA:5,(anonymous_2)
FNDA:0,(anonymous_3)
FNDA:1,(anonymous_4)
FNDA:1,(anonymous_5)
FNDA:5,(anonymous_6)
FNDA:15,(anonymous_7)
FNDA:0,(anonymous_8)
FNDA:0,(anonymous_9)
FNDA:5,(anonymous_10)
DA:12,1
DA:13,12
DA:14,12
DA:15,12
DA:16,12
DA:17,12
DA:18,12
DA:19,12
DA:21,12
DA:22,5
DA:30,5
DA:31,5
DA:32,5
DA:33,5
DA:36,5
DA:37,5
DA:41,0
DA:45,12
DA:46,1
DA:50,12
DA:51,1
DA:55,12
DA:56,5
DA:57,5
DA:58,15
DA:60,5
DA:64,12
DA:65,0
DA:66,0
DA:67,0
DA:72,12
DA:73,12
DA:128,5
DA:147,0
LF:34
LH:29
BRDA:66,0,0,0
BRDA:66,0,1,0
BRDA:72,1,0,12
BRDA:72,1,1,0
BRDA:75,2,0,7
BRDA:75,2,1,5
BRDA:90,3,0,7
BRDA:90,3,1,6
BRDA:90,3,2,5
BRF:9
BRH:6
end_of_record
TN:
SF:client/src/components/product-overview-module/add-to-cart/AddToCart.jsx
FN:7,(anonymous_0)
FN:14,(anonymous_1)
FN:19,(anonymous_2)
FN:41,(anonymous_3)
FN:47,(anonymous_4)
FN:50,(anonymous_5)
FN:63,(anonymous_6)
FN:67,(anonymous_7)
FN:82,(anonymous_8)
FN:86,(anonymous_9)
FN:100,(anonymous_10)
FNF:11
FNH:5
FNDA:9,(anonymous_0)
FNDA:23,(anonymous_1)
FNDA:1,(anonymous_2)
FNDA:0,(anonymous_3)
FNDA:0,(anonymous_4)
FNDA:0,(anonymous_5)
FNDA:0,(anonymous_6)
FNDA:0,(anonymous_7)
FNDA:23,(anonymous_8)
FNDA:0,(anonymous_9)
FNDA:8,(anonymous_10)
DA:7,2
DA:8,9
DA:9,9
DA:10,9
DA:11,9
DA:14,9
DA:15,23
DA:19,9
DA:20,1
DA:21,1
DA:23,1
DA:24,2
DA:25,1
DA:26,1
DA:27,0
DA:29,1
DA:34,1
DA:35,8
DA:37,1
DA:41,9
DA:42,0
DA:43,0
DA:44,0
DA:46,0
DA:47,0
DA:48,0
DA:50,0
DA:51,0
DA:57,9
DA:58,9
DA:63,9
DA:64,0
DA:67,9
DA:68,0
DA:71,9
DA:83,23
DA:86,0
DA:101,8
LF:38
LH:26
BRDA:24,0,0,1
BRDA:24,0,1,1
BRDA:26,1,0,0
BRDA:26,1,1,1
BRDA:43,2,0,0
BRDA:43,2,1,0
BRDA:57,3,0,9
BRDA:57,3,1,0
BRDA:73,4,0,9
BRDA:73,4,1,0
BRDA:99,5,0,1
BRDA:99,5,1,8
BRF:12
BRH:7
end_of_record
TN:
SF:client/src/components/product-overview-module/image-gallery/image-view/ImageView.jsx
FN:12,(anonymous_0)
FN:23,(anonymous_1)
FN:31,(anonymous_2)
FN:39,(anonymous_3)
FNF:4
FNH:4
FNDA:12,(anonymous_0)
FNDA:1,(anonymous_1)
FNDA:1,(anonymous_2)
FNDA:1,(anonymous_3)
DA:12,2
DA:20,12
DA:23,12
DA:24,1
DA:25,1
DA:26,1
DA:31,12
DA:32,1
DA:33,1
DA:34,1
DA:39,12
DA:40,1
DA:43,12
LF:13
LH:13
BRDA:24,0,0,1
BRDA:24,0,1,0
BRDA:32,1,0,1
BRDA:32,1,1,0
BRDA:45,2,0,12
BRDA:45,2,1,11
BRDA:67,3,0,12
BRDA:67,3,1,11
BRDA:69,4,0,11
BRDA:69,4,1,2
BRDA:81,5,0,11
BRDA:81,5,1,10
BRF:12
BRH:10
end_of_record
TN:
SF:client/src/components/product-overview-module/image-gallery/image-view-item/ImageViewItem.jsx
FN:8,(anonymous_0)
FN:27,(anonymous_1)
FN:32,(anonymous_2)
FN:41,(anonymous_3)
FNF:4
FNH:4
FNDA:14,(anonymous_0)
FNDA:1,(anonymous_1)
FNDA:1,(anonymous_2)
FNDA:1,(anonymous_3)
DA:8,3
DA:16,14
DA:17,14
DA:21,14
DA:27,14
DA:28,1
DA:32,14
DA:33,1
DA:34,1
DA:41,14
DA:42,1
DA:46,1
DA:47,1
DA:51,14
DA:57,14
DA:58,3
DA:99,11
LF:17
LH:17
BRDA:57,0,0,3
BRDA:57,0,1,11
BRDA:67,1,0,1
BRDA:67,1,1,2
BRDA:71,2,0,1
BRDA:71,2,1,0
BRDA:89,3,0,2
BRDA:89,3,1,0
BRDA:105,4,0,11
BRDA:105,4,1,1
BRF:10
BRH:8
end_of_record
TN:
SF:client/src/components/product-overview-module/image-gallery/image-view-thumbnail-item/ImageViewThumbnailItem.jsx
FN:6,(anonymous_0)
FN:13,(anonymous_1)
FNF:2
FNH:2
FNDA:27,(anonymous_0)
FNDA:1,(anonymous_1)
DA:6,4
DA:13,27
DA:14,1
DA:18,27
DA:19,15
DA:21,12
DA:24,27
LF:7
LH:7
BRDA:18,0,0,15
BRDA:18,0,1,12
BRDA:30,1,0,2
BRDA:30,1,1,25
BRDA:36,2,0,25
BRDA:36,2,1,1
BRF:6
BRH:6
end_of_record
TN:
SF:client/src/components/product-overview-module/image-gallery/image-view-thumbnails/ImageViewThumbnails.jsx
FN:9,(anonymous_0)
FN:20,(anonymous_1)
FN:24,(anonymous_2)
FN:58,(anonymous_3)
FNF:4
FNH:2
FNDA:12,(anonymous_0)
FNDA:0,(anonymous_1)
FNDA:29,(anonymous_2)
FNDA:0,(anonymous_3)
DA:9,3
DA:17,12
DA:20,0
DA:25,29
DA:26,0
DA:27,0
DA:38,0
DA:40,29
DA:41,26
DA:42,26
DA:53,0
DA:58,0
LF:12
LH:6
BRDA:19,0,0,12
BRDA:19,0,1,3
BRDA:25,1,0,0
BRDA:25,1,1,29
BRDA:26,2,0,0
BRDA:26,2,1,0
BRDA:26,3,0,0
BRDA:26,3,1,0
BRDA:40,4,0,26
BRDA:40,4,1,3
BRDA:41,5,0,26
BRDA:41,5,1,0
BRDA:57,6,0,12
BRDA:57,6,1,11
BRF:14
BRH:8
end_of_record
TN:
SF:client/src/components/product-overview-module/navbar/Nav.jsx
FN:11,(anonymous_0)
FNF:1
FNH:0
FNDA:0,(anonymous_0)
DA:11,1
DA:12,0
LF:2
LH:1
BRF:0
BRH:0
end_of_record
TN:
SF:client/src/components/product-overview-module/product-information/ProductInformation.jsx
FN:7,(anonymous_0)
FN:37,(anonymous_1)
FNF:2
FNH:2
FNDA:6,(anonymous_0)
FNDA:30,(anonymous_1)
DA:7,2
DA:19,6
DA:21,6
DA:22,6
DA:23,6
DA:24,30
DA:25,0
DA:26,30
DA:27,11
DA:28,19
DA:29,19
DA:31,30
DA:34,6
DA:38,30
LF:14
LH:13
BRDA:24,0,0,0
BRDA:24,0,1,30
BRDA:24,1,0,30
BRDA:24,1,1,11
BRDA:26,2,0,11
BRDA:26,2,1,19
BRDA:28,3,0,19
BRDA:28,3,1,0
BRDA:54,4,0,5
BRDA:54,4,1,1
BRF:10
BRH:8
end_of_record
TN:
SF:client/src/components/product-overview-module/product-information/star/Star.jsx
FN:4,(anonymous_0)
FNF:1
FNH:1
FNDA:31,(anonymous_0)
DA:4,3
DA:5,31
LF:2
LH:2
BRDA:23,0,0,31
BRDA:23,0,1,19
BRDA:32,1,0,31
BRDA:32,1,1,19
BRDA:45,2,0,31
BRDA:45,2,1,19
BRDA:58,3,0,31
BRDA:58,3,1,19
BRF:8
BRH:8
end_of_record
TN:
SF:client/src/components/product-overview-module/style-selector/style-select/StyleSelect.jsx
FN:6,(anonymous_0)
FN:16,(anonymous_1)
FNF:2
FNH:2
FNDA:6,(anonymous_0)
FNDA:10,(anonymous_1)
DA:6,2
DA:7,6
DA:17,10
LF:3
LH:3
BRF:0
BRH:0
end_of_record
TN:
SF:client/src/components/product-overview-module/style-selector/style-select-item/StyleSelectItem.jsx
FN:7,(anonymous_0)
FN:9,(anonymous_1)
FNF:2
FNH:1
FNDA:13,(anonymous_0)
FNDA:0,(anonymous_1)
DA:7,3
DA:8,13
DA:9,13
DA:10,0
DA:13,13
LF:5
LH:4
BRDA:15,0,0,11
BRDA:15,0,1,2
BRDA:33,1,0,11
BRDA:33,1,1,0
BRDA:39,2,0,2
BRDA:39,2,1,1
BRF:6
BRH:5
end_of_record
TN:
SF:client/src/components/questions-answers-module/questionsAnswers.jsx
FN:18,(anonymous_0)
FN:35,(anonymous_1)
FN:42,(anonymous_2)
FN:46,(anonymous_3)
FN:48,(anonymous_4)
FN:51,(anonymous_5)
FN:56,(anonymous_6)
FN:58,(anonymous_7)
FN:61,(anonymous_8)
FN:66,(anonymous_9)
FN:98,(anonymous_10)
FN:103,(anonymous_11)
FN:107,(anonymous_12)
FN:151,(anonymous_13)
FNF:14
FNH:5
FNDA:1,(anonymous_0)
FNDA:0,(anonymous_1)
FNDA:0,(anonymous_2)
FNDA:1,(anonymous_3)
FNDA:0,(anonymous_4)
FNDA:0,(anonymous_5)
FNDA:1,(anonymous_6)
FNDA:0,(anonymous_7)
FNDA:0,(anonymous_8)
FNDA:0,(anonymous_9)
FNDA:1,(anonymous_10)
FNDA:1,(anonymous_11)
FNDA:0,(anonymous_12)
FNDA:0,(anonymous_13)
DA:19,1
DA:20,1
DA:29,1
DA:30,1
DA:31,1
DA:32,1
DA:36,0
DA:37,0
DA:38,0
DA:39,0
DA:43,0
DA:47,1
DA:49,0
DA:52,0
DA:57,1
DA:59,0
DA:62,0
DA:67,0
DA:69,0
DA:70,0
DA:71,0
DA:72,0
DA:73,0
DA:74,0
DA:75,0
DA:76,0
DA:77,0
DA:78,0
DA:79,0
DA:80,0
DA:81,0
DA:82,0
DA:83,0
DA:84,0
DA:85,0
DA:86,0
DA:87,0
DA:88,0
DA:89,0
DA:90,0
DA:91,0
DA:92,0
DA:95,0
DA:99,1
DA:100,1
DA:106,1
DA:107,0
DA:109,1
DA:113,1
DA:114,0
DA:124,1
DA:125,0
DA:136,1
DA:151,0
LF:54
LH:15
BRDA:69,0,0,0
BRDA:69,0,1,0
BRDA:71,1,0,0
BRDA:71,1,1,0
BRDA:73,2,0,0
BRDA:73,2,1,0
BRDA:75,3,0,0
BRDA:75,3,1,0
BRDA:77,4,0,0
BRDA:77,4,1,0
BRDA:79,5,0,0
BRDA:79,5,1,0
BRDA:81,6,0,0
BRDA:81,6,1,0
BRDA:83,7,0,0
BRDA:83,7,1,0
BRDA:85,8,0,0
BRDA:85,8,1,0
BRDA:87,9,0,0
BRDA:87,9,1,0
BRDA:89,10,0,0
BRDA:89,10,1,0
BRDA:91,11,0,0
BRDA:91,11,1,0
BRDA:106,12,0,0
BRDA:106,12,1,1
BRDA:113,13,0,0
BRDA:113,13,1,1
BRDA:124,14,0,0
BRDA:124,14,1,1
BRDA:144,15,0,0
BRDA:144,15,1,1
BRF:32
BRH:4
end_of_record
TN:
SF:client/src/components/questions-answers-module/add-answer/addAnswer.jsx
FN:9,(anonymous_0)
FN:23,(anonymous_1)
FN:29,(anonymous_2)
FN:35,(anonymous_3)
FN:43,(anonymous_4)
FN:52,(anonymous_5)
FN:120,(anonymous_6)
FNF:7
FNH:0
FNDA:0,(anonymous_0)
FNDA:0,(anonymous_1)
FNDA:0,(anonymous_2)
FNDA:0,(anonymous_3)
FNDA:0,(anonymous_4)
FNDA:0,(anonymous_5)
FNDA:0,(anonymous_6)
DA:10,0
DA:11,0
DA:12,0
DA:14,0
DA:15,0
DA:16,0
DA:17,0
DA:18,0
DA:19,0
DA:20,0
DA:24,0
DA:25,0
DA:30,0
DA:36,0
DA:44,0
DA:53,0
DA:54,0
DA:55,0
DA:57,0
DA:59,0
DA:121,0
LF:21
LH:0
BRF:0
BRH:0
end_of_record
TN:
SF:client/src/components/questions-answers-module/add-question/addQuestion.jsx
FN:12,(anonymous_0)
FN:25,(anonymous_1)
FN:31,(anonymous_2)
FN:37,(anonymous_3)
FN:46,(anonymous_4)
FN:56,(anonymous_5)
FN:113,(anonymous_6)
FNF:7
FNH:0
FNDA:0,(anonymous_0)
FNDA:0,(anonymous_1)
FNDA:0,(anonymous_2)
FNDA:0,(anonymous_3)
FNDA:0,(anonymous_4)
FNDA:0,(anonymous_5)
FNDA:0,(anonymous_6)
DA:13,0
DA:14,0
DA:15,0
DA:17,0
DA:18,0
DA:19,0
DA:20,0
DA:21,0
DA:22,0
DA:26,0
DA:27,0
DA:32,0
DA:38,0
DA:47,0
DA:57,0
DA:58,0
DA:59,0
DA:114,0
LF:18
LH:0
BRF:0
BRH:0
end_of_record
TN:
SF:client/src/components/questions-answers-module/answer/answer.jsx
FN:9,(anonymous_0)
FN:14,(anonymous_1)
FN:21,(anonymous_2)
FN:30,(anonymous_3)
FN:35,(anonymous_4)
FN:39,(anonymous_5)
FN:47,(anonymous_6)
FN:72,(anonymous_7)
FN:85,(anonymous_8)
FNF:9
FNH:0
FNDA:0,(anonymous_0)
FNDA:0,(anonymous_1)
FNDA:0,(anonymous_2)
FNDA:0,(anonymous_3)
FNDA:0,(anonymous_4)
FNDA:0,(anonymous_5)
FNDA:0,(anonymous_6)
FNDA:0,(anonymous_7)
FNDA:0,(anonymous_8)
DA:10,0
DA:15,0
DA:22,0
DA:31,0
DA:36,0
DA:40,0
DA:50,0
DA:51,0
DA:57,0
DA:59,0
DA:73,0
DA:74,0
DA:75,0
DA:76,0
DA:86,0
DA:88,0
LF:16
LH:0
BRDA:50,0,0,0
BRDA:50,0,1,0
BRDA:74,1,0,0
BRDA:74,1,1,0
BRF:4
BRH:0
end_of_record
TN:
SF:client/src/components/questions-answers-module/answer-list/answersList.jsx
FN:11,(anonymous_0)
FN:21,(anonymous_1)
FN:26,(anonymous_2)
FN:32,(anonymous_3)
FN:37,(anonymous_4)
FN:47,(anonymous_5)
FN:52,(anonymous_6)
FN:57,(anonymous_7)
FN:70,(anonymous_8)
FNF:9
FNH:0
FNDA:0,(anonymous_0)
FNDA:0,(anonymous_1)
FNDA:0,(anonymous_2)
FNDA:0,(anonymous_3)
FNDA:0,(anonymous_4)
FNDA:0,(anonymous_5)
FNDA:0,(anonymous_6)
FNDA:0,(anonymous_7)
FNDA:0,(anonymous_8)
DA:12,0
DA:13,0
DA:17,0
DA:18,0
DA:22,0
DA:27,0
DA:33,0
DA:38,0
DA:39,0
DA:40,0
DA:41,0
DA:48,0
DA:49,0
DA:54,0
DA:55,0
DA:58,0
DA:65,0
DA:68,0
DA:71,0
LF:19
LH:0
BRDA:54,0,0,0
BRDA:54,0,1,0
BRF:2
BRH:0
end_of_record
TN:
SF:client/src/components/questions-answers-module/question/question.jsx
FN:13,(anonymous_0)
FN:18,(anonymous_1)
FN:24,(anonymous_2)
FN:32,(anonymous_3)
FN:37,(anonymous_4)
FN:43,(anonymous_5)
FN:51,(anonymous_6)
FN:63,(anonymous_7)
FN:75,(anonymous_8)
FN:86,(anonymous_9)
FN:103,(anonymous_10)
FNF:11
FNH:0
FNDA:0,(anonymous_0)
FNDA:0,(anonymous_1)
FNDA:0,(anonymous_2)
FNDA:0,(anonymous_3)
FNDA:0,(anonymous_4)
FNDA:0,(anonymous_5)
FNDA:0,(anonymous_6)
FNDA:0,(anonymous_7)
FNDA:0,(anonymous_8)
FNDA:0,(anonymous_9)
FNDA:0,(anonymous_10)
DA:14,0
DA:19,0
DA:25,0
DA:33,0
DA:38,0
DA:44,0
DA:53,0
DA:55,0
DA:57,0
DA:59,0
DA:64,0
DA:65,0
DA:69,0
DA:76,0
DA:88,0
DA:90,0
DA:92,0
DA:94,0
DA:104,0
DA:106,0
LF:20
LH:0
BRDA:55,0,0,0
BRDA:55,0,1,0
BRDA:90,1,0,0
BRDA:90,1,1,0
BRF:4
BRH:0
end_of_record
TN:
SF:client/src/components/questions-answers-module/question-list/questionsList.jsx
FN:9,(anonymous_0)
FN:12,(anonymous_1)
FNF:2
FNH:1
FNDA:1,(anonymous_0)
FNDA:0,(anonymous_1)
DA:10,1
DA:13,0
LF:2
LH:1
BRF:0
BRH:0
end_of_record
TN:
SF:client/src/components/questions-answers-module/search/search.jsx
FN:5,(anonymous_0)
FN:15,(anonymous_1)
FN:17,(anonymous_2)
FN:28,(anonymous_3)
FN:32,(anonymous_4)
FN:34,(anonymous_5)
FNF:6
FNH:2
FNDA:1,(anonymous_0)
FNDA:0,(anonymous_1)
FNDA:0,(anonymous_2)
FNDA:0,(anonymous_3)
FNDA:1,(anonymous_4)
FNDA:0,(anonymous_5)
DA:6,1
DA:7,1
DA:11,1
DA:12,1
DA:16,0
DA:17,0
DA:18,0
DA:19,0
DA:20,0
DA:21,0
DA:25,0
DA:29,0
DA:33,1
DA:35,0
DA:38,0
DA:39,0
DA:41,0
LF:17
LH:5
BRDA:19,0,0,0
BRDA:19,0,1,0
BRDA:19,1,0,0
BRDA:19,1,1,0
BRDA:38,2,0,0
BRDA:38,2,1,0
BRF:6
BRH:0
end_of_record
TN:
SF:client/src/components/ratings&reviews/RatingsAndReviews.jsx
FN:9,(anonymous_0)
FN:13,(anonymous_1)
FN:23,(anonymous_2)
FN:30,(anonymous_3)
FN:47,(anonymous_4)
FN:62,(anonymous_5)
FN:71,(anonymous_6)
FN:74,(anonymous_7)
FN:78,(anonymous_8)
FNF:9
FNH:2
FNDA:0,(anonymous_0)
FNDA:0,(anonymous_1)
FNDA:2,(anonymous_2)
FNDA:1,(anonymous_3)
FNDA:0,(anonymous_4)
FNDA:0,(anonymous_5)
FNDA:0,(anonymous_6)
FNDA:0,(anonymous_7)
FNDA:0,(anonymous_8)
DA:9,1
DA:10,0
DA:12,0
DA:13,0
DA:16,0
DA:18,0
DA:23,1
DA:24,2
DA:25,2
DA:26,2
DA:27,2
DA:28,2
DA:30,2
DA:31,1
DA:32,0
DA:48,0
DA:55,0
DA:56,0
DA:57,0
DA:62,2
DA:63,0
DA:64,0
DA:70,2
DA:71,2
DA:72,0
DA:73,0
DA:75,0
DA:76,0
DA:79,0
DA:82,2
DA:86,2
DA:87,2
LF:32
LH:15
BRDA:10,0,0,0
BRDA:10,0,1,0
BRDA:10,0,2,0
BRDA:12,1,0,0
BRDA:12,1,1,0
BRDA:31,2,0,0
BRDA:31,2,1,1
BRF:7
BRH:1
end_of_record
TN:
SF:client/src/components/ratings&reviews/sampleReviewsMeta.js
FNF:0
FNH:0
DA:12,1
LF:1
LH:1
BRF:0
BRH:0
end_of_record
TN:
SF:client/src/components/ratings&reviews/ratings/Characteristics.jsx
FN:4,(anonymous_0)
FN:5,(anonymous_1)
FNF:2
FNH:2
FNDA:3,(anonymous_0)
FNDA:15,(anonymous_1)
DA:4,2
DA:5,3
DA:7,15
DA:9,3
DA:10,3
LF:5
LH:5
BRF:0
BRH:0
end_of_record
TN:
SF:client/src/components/ratings&reviews/ratings/RatingCount.jsx
FN:3,(anonymous_0)
FN:4,(anonymous_1)
FNF:2
FNH:1
FNDA:15,(anonymous_0)
FNDA:0,(anonymous_1)
DA:3,2
DA:4,15
DA:5,0
DA:6,0
DA:8,15
LF:5
LH:3
BRDA:10,0,0,15
BRDA:10,0,1,3
BRF:2
BRH:2
end_of_record
TN:
SF:client/src/components/ratings&reviews/ratings/Ratings.jsx
FN:6,(anonymous_0)
FN:8,(anonymous_1)
FN:12,(anonymous_2)
FN:18,(anonymous_3)
FNF:4
FNH:4
FNDA:3,(anonymous_0)
FNDA:3,(anonymous_1)
FNDA:12,(anonymous_2)
FNDA:3,(anonymous_3)
DA:6,2
DA:7,3
DA:8,3
DA:9,3
DA:10,3
DA:11,3
DA:12,3
DA:13,12
DA:14,12
DA:16,3
DA:18,3
DA:19,3
DA:20,3
DA:22,3
DA:23,3
DA:24,3
LF:16
LH:16
BRF:0
BRH:0
end_of_record
TN:
SF:client/src/components/ratings&reviews/ratings/RatingsList.jsx
FN:6,(anonymous_0)
FN:7,(anonymous_1)
FN:11,(anonymous_2)
FN:17,(anonymous_3)
FNF:4
FNH:3
FNDA:3,(anonymous_0)
FNDA:15,(anonymous_1)
FNDA:0,(anonymous_2)
FNDA:15,(anonymous_3)
DA:6,2
DA:7,3
DA:8,15
DA:11,3
DA:12,0
DA:13,0
DA:15,3
DA:18,15
LF:8
LH:6
BRDA:8,0,0,15
BRDA:8,0,1,3
BRF:2
BRH:2
end_of_record
TN:
SF:client/src/components/ratings&reviews/reviews/ReviewTile.jsx
FN:7,(anonymous_0)
FN:28,(anonymous_1)
FN:33,(anonymous_2)
FN:38,(anonymous_3)
FN:46,(anonymous_4)
FNF:5
FNH:2
FNDA:3,(anonymous_0)
FNDA:0,(anonymous_1)
FNDA:0,(anonymous_2)
FNDA:3,(anonymous_3)
FNDA:0,(anonymous_4)
DA:7,3
DA:8,3
DA:9,3
DA:10,3
DA:24,3
DA:25,3
DA:26,3
DA:28,3
DA:29,0
DA:30,0
DA:31,0
DA:33,3
DA:34,0
DA:35,0
DA:36,0
DA:38,3
DA:39,3
DA:40,3
DA:47,0
DA:51,3
LF:20
LH:13
BRDA:39,0,0,3
BRDA:39,0,1,0
BRDA:58,1,0,3
BRDA:58,1,1,0
BRDA:66,2,0,0
BRDA:66,2,1,3
BRDA:66,3,0,3
BRDA:66,3,1,0
BRF:8
BRH:4
end_of_record
TN:
SF:client/src/components/ratings&reviews/reviews/ReviewsList.jsx
FN:8,(anonymous_0)
FN:20,(anonymous_1)
FN:23,(anonymous_2)
FN:28,moreReviewsOnClick
FN:36,(anonymous_4)
FN:40,(anonymous_5)
FN:54,(anonymous_6)
FN:58,(anonymous_7)
FN:63,(anonymous_8)
FN:70,(anonymous_9)
FN:74,(anonymous_10)
FN:97,(anonymous_11)
FN:107,(anonymous_12)
FNF:13
FNH:4
FNDA:5,(anonymous_0)
FNDA:2,(anonymous_1)
FNDA:0,(anonymous_2)
FNDA:0,moreReviewsOnClick
FNDA:0,(anonymous_4)
FNDA:0,(anonymous_5)
FNDA:0,(anonymous_6)
FNDA:0,(anonymous_7)
FNDA:0,(anonymous_8)
FNDA:2,(anonymous_9)
FNDA:0,(anonymous_10)
FNDA:2,(anonymous_11)
FNDA:0,(anonymous_12)
DA:8,2
DA:9,5
DA:10,5
DA:13,5
DA:14,5
DA:15,5
DA:16,5
DA:17,5
DA:20,5
DA:21,2
DA:22,0
DA:23,0
DA:24,0
DA:25,0
DA:29,0
DA:30,0
DA:32,0
DA:36,5
DA:37,0
DA:38,0
DA:39,0
DA:40,0
DA:41,0
DA:42,0
DA:43,0
DA:44,0
DA:45,0
DA:46,0
DA:47,0
DA:48,0
DA:49,0
DA:51,0
DA:53,0
DA:54,0
DA:55,0
DA:57,0
DA:58,0
DA:59,0
DA:61,0
DA:63,5
DA:64,0
DA:65,0
DA:68,5
DA:70,5
DA:71,2
DA:72,2
DA:73,2
DA:74,0
DA:75,0
DA:78,5
DA:98,2
DA:107,0
LF:52
LH:19
BRDA:21,0,0,0
BRDA:21,0,1,2
BRDA:21,1,0,2
BRDA:21,1,1,1
BRDA:29,2,0,0
BRDA:29,2,1,0
BRDA:39,3,0,0
BRDA:39,3,1,0
BRDA:41,4,0,0
BRDA:41,4,1,0
BRDA:42,5,0,0
BRDA:42,5,1,0
BRDA:45,6,0,0
BRDA:45,6,1,0
BRDA:46,7,0,0
BRDA:46,7,1,0
BRDA:47,8,0,0
BRDA:47,8,1,0
BRDA:48,9,0,0
BRDA:48,9,1,0
BRDA:53,10,0,0
BRDA:53,10,1,0
BRDA:57,11,0,0
BRDA:57,11,1,0
BRDA:73,12,0,0
BRDA:73,12,1,2
BRDA:83,13,0,5
BRDA:83,13,1,3
BRDA:94,14,0,2
BRDA:94,14,1,3
BRDA:101,15,0,0
BRDA:101,15,1,2
BRDA:101,16,0,2
BRDA:101,16,1,0
BRF:34
BRH:10
end_of_record
TN:
SF:client/src/components/ratings&reviews/reviews/reviewsForProductId71697.js
FNF:0
FNH:0
LF:0
LH:0
BRF:0
BRH:0
end_of_record
TN:
SF:client/src/components/ratings&reviews/reviews/addNewReview/AddNewReview.jsx
FN:19,(anonymous_0)
FN:34,(anonymous_1)
FN:37,(anonymous_2)
FN:40,(anonymous_3)
FN:45,(anonymous_4)
FN:54,(anonymous_5)
FN:57,(anonymous_6)
FN:60,(anonymous_7)
FN:61,(anonymous_8)
FN:62,(anonymous_9)
FN:63,(anonymous_10)
FN:65,(anonymous_11)
FN:71,(anonymous_12)
FN:75,(anonymous_13)
FN:79,(anonymous_14)
FN:82,(anonymous_15)
FN:86,(anonymous_16)
FN:90,(anonymous_17)
FN:93,(anonymous_18)
FN:107,(anonymous_19)
FN:161,(anonymous_20)
FN:166,(anonymous_21)
FN:191,RatingIcon
FN:200,(anonymous_23)
FN:211,(anonymous_24)
FN:212,(anonymous_25)
FN:213,(anonymous_26)
FN:218,StarIcon
FN:224,Characteristics
FN:228,(anonymous_29)
FNF:30
FNH:2
FNDA:5,(anonymous_0)
FNDA:0,(anonymous_1)
FNDA:0,(anonymous_2)
FNDA:0,(anonymous_3)
FNDA:0,(anonymous_4)
FNDA:0,(anonymous_5)
FNDA:0,(anonymous_6)
FNDA:0,(anonymous_7)
FNDA:0,(anonymous_8)
FNDA:0,(anonymous_9)
FNDA:0,(anonymous_10)
FNDA:0,(anonymous_11)
FNDA:0,(anonymous_12)
FNDA:0,(anonymous_13)
FNDA:0,(anonymous_14)
FNDA:0,(anonymous_15)
FNDA:0,(anonymous_16)
FNDA:2,(anonymous_17)
FNDA:0,(anonymous_18)
FNDA:0,(anonymous_19)
FNDA:0,(anonymous_20)
FNDA:0,(anonymous_21)
FNDA:0,RatingIcon
FNDA:0,(anonymous_23)
FNDA:0,(anonymous_24)
FNDA:0,(anonymous_25)
FNDA:0,(anonymous_26)
FNDA:0,StarIcon
FNDA:0,Characteristics
FNDA:0,(anonymous_29)
DA:19,2
DA:20,5
DA:21,5
DA:22,5
DA:23,5
DA:24,5
DA:25,5
DA:26,5
DA:27,5
DA:28,5
DA:29,5
DA:30,5
DA:31,5
DA:32,5
DA:34,5
DA:35,0
DA:37,5
DA:38,0
DA:40,5
DA:41,0
DA:42,0
DA:43,0
DA:45,5
DA:46,0
DA:47,0
DA:48,0
DA:49,0
DA:50,0
DA:54,5
DA:57,5
DA:60,5
DA:61,5
DA:62,5
DA:63,5
DA:65,5
DA:66,0
DA:67,0
DA:68,0
DA:69,0
DA:71,5
DA:72,0
DA:73,0
DA:75,5
DA:76,0
DA:77,0
DA:79,5
DA:80,0
DA:82,5
DA:83,0
DA:84,0
DA:86,5
DA:87,0
DA:88,0
DA:90,5
DA:91,2
DA:92,0
DA:93,0
DA:94,0
DA:97,5
DA:99,5
DA:108,0
DA:161,0
DA:167,0
DA:199,0
DA:200,0
DA:201,0
DA:202,0
DA:203,0
DA:204,0
DA:206,0
DA:208,0
DA:211,0
DA:212,0
DA:213,0
DA:219,0
DA:220,0
DA:226,0
DA:229,0
LF:78
LH:34
BRDA:68,0,0,0
BRDA:68,0,1,0
BRDA:91,1,0,2
BRDA:91,1,1,0
BRDA:99,2,0,0
BRDA:99,2,1,5
BRDA:119,3,0,0
BRDA:119,3,1,0
BRDA:158,4,0,0
BRDA:158,4,1,0
BRDA:164,5,0,0
BRDA:164,5,1,0
BRDA:165,6,0,0
BRDA:165,6,1,0
BRDA:201,7,0,0
BRDA:201,7,1,0
BRDA:203,8,0,0
BRDA:203,8,1,0
BRDA:203,9,0,0
BRDA:203,9,1,0
BRDA:219,10,0,0
BRF:21
BRH:2
end_of_record
TN:
SF:client/src/components/ratings&reviews/reviews/starRating/StarRating.jsx
FN:3,(anonymous_0)
FN:8,(anonymous_1)
FNF:2
FNH:2
FNDA:6,(anonymous_0)
FNDA:30,(anonymous_1)
DA:3,4
DA:4,6
DA:5,6
DA:6,6
DA:9,30
LF:5
LH:5
BRF:0
BRH:0
end_of_record
