TN:
SF:client/src/components/product-overview-module/ProductOverview.jsx
FN:9,(anonymous_0)
FN:18,(anonymous_1)
FN:20,(anonymous_2)
FN:26,(anonymous_3)
FN:30,(anonymous_4)
FN:36,(anonymous_5)
FN:41,(anonymous_6)
FN:46,(anonymous_7)
FN:51,(anonymous_8)
FN:56,(anonymous_9)
FN:58,(anonymous_10)
FN:65,(anonymous_11)
FN:66,(anonymous_12)
FNF:13
FNH:7
FNDA:6,(anonymous_0)
FNDA:3,(anonymous_1)
FNDA:3,(anonymous_2)
FNDA:3,(anonymous_3)
FNDA:0,(anonymous_4)
FNDA:3,(anonymous_5)
FNDA:0,(anonymous_6)
FNDA:0,(anonymous_7)
FNDA:0,(anonymous_8)
FNDA:3,(anonymous_9)
FNDA:9,(anonymous_10)
FNDA:0,(anonymous_11)
FNDA:0,(anonymous_12)
DA:9,1
DA:10,6
DA:11,6
DA:12,6
DA:13,6
DA:14,6
DA:15,6
DA:16,6
DA:18,6
DA:20,3
DA:21,3
DA:24,3
DA:27,3
DA:28,3
DA:31,0
DA:34,3
DA:37,3
DA:38,3
DA:39,3
DA:42,0
DA:46,6
DA:47,0
DA:51,6
DA:52,0
DA:56,6
DA:57,3
DA:58,3
DA:59,9
DA:61,3
DA:65,6
DA:66,0
DA:67,0
DA:68,0
DA:74,6
DA:75,3
DA:76,3
DA:81,3
DA:86,3
DA:87,3
DA:88,3
DA:93,6
LF:41
LH:34
BRDA:67,0,0,0
BRDA:67,0,1,0
BRDA:74,1,0,3
BRDA:74,1,1,3
BRDA:86,2,0,3
BRDA:86,2,1,0
BRDA:95,3,0,3
BRDA:95,3,1,3
BRDA:95,4,0,6
BRDA:95,4,1,6
BRDA:110,5,0,3
BRDA:110,5,1,3
BRDA:110,5,2,3
BRF:13
BRH:10
end_of_record
TN:
SF:client/src/components/product-overview-module/add-to-cart/AddToCart.jsx
FN:6,(anonymous_0)
FN:12,(anonymous_1)
FN:17,(anonymous_2)
FN:37,(anonymous_3)
FN:48,(anonymous_4)
FN:62,(anonymous_5)
FN:79,(anonymous_6)
FNF:7
FNH:5
FNDA:7,(anonymous_0)
FNDA:17,(anonymous_1)
FNDA:1,(anonymous_2)
FNDA:0,(anonymous_3)
FNDA:0,(anonymous_4)
FNDA:17,(anonymous_5)
FNDA:8,(anonymous_6)
DA:6,2
DA:7,7
DA:8,7
DA:9,7
DA:12,7
DA:13,17
DA:17,7
DA:18,1
DA:19,1
DA:21,1
DA:22,2
DA:23,1
DA:24,0
DA:26,1
DA:31,1
DA:32,8
DA:34,1
DA:37,7
DA:38,0
DA:42,7
DA:43,7
DA:48,7
DA:49,0
DA:51,7
DA:63,17
DA:80,8
LF:26
LH:23
BRDA:22,0,0,1
BRDA:22,0,1,1
BRDA:23,1,0,0
BRDA:23,1,1,1
BRDA:42,2,0,7
BRDA:42,2,1,0
BRDA:53,3,0,7
BRDA:53,3,1,0
BRDA:78,4,0,1
BRDA:78,4,1,6
BRF:10
BRH:7
end_of_record
TN:
SF:client/src/components/product-overview-module/image-gallery/image-view/ImageView.jsx
FN:11,(anonymous_0)
FN:22,(anonymous_1)
FN:30,(anonymous_2)
FN:38,(anonymous_3)
FNF:4
FNH:3
FNDA:7,(anonymous_0)
FNDA:1,(anonymous_1)
FNDA:1,(anonymous_2)
FNDA:0,(anonymous_3)
DA:11,2
DA:19,7
DA:22,7
DA:23,1
DA:24,1
DA:25,1
DA:30,7
DA:31,1
DA:32,1
DA:33,1
DA:38,7
DA:39,0
DA:42,7
LF:13
LH:12
BRDA:23,0,0,1
BRDA:23,0,1,0
BRDA:31,1,0,1
BRDA:31,1,1,0
BRDA:44,2,0,7
BRDA:44,2,1,7
BRDA:64,3,0,7
BRDA:64,3,1,7
BRDA:66,4,0,7
BRDA:66,4,1,1
BRDA:75,5,0,7
BRDA:75,5,1,7
BRF:12
BRH:10
end_of_record
TN:
SF:client/src/components/product-overview-module/image-gallery/image-view-item/ImageViewItem.jsx
FN:6,(anonymous_0)
FN:25,(anonymous_1)
FN:34,(anonymous_2)
FN:49,(anonymous_3)
FNF:4
FNH:1
FNDA:8,(anonymous_0)
FNDA:0,(anonymous_1)
FNDA:0,(anonymous_2)
FNDA:0,(anonymous_3)
DA:6,3
DA:14,8
DA:15,8
DA:19,8
DA:25,8
DA:26,0
DA:27,0
DA:34,8
DA:35,0
DA:39,0
DA:40,0
DA:44,8
DA:49,8
DA:50,0
DA:54,8
DA:55,0
DA:81,8
LF:17
LH:10
BRDA:54,0,0,0
BRDA:54,0,1,8
BRDA:63,1,0,0
BRDA:63,1,1,0
BRF:4
BRH:1
end_of_record
TN:
SF:client/src/components/product-overview-module/image-gallery/image-view-thumbnail-item/ImageViewThumbnailItem.jsx
FN:4,(anonymous_0)
FN:11,(anonymous_1)
FNF:2
FNH:1
FNDA:25,(anonymous_0)
FNDA:0,(anonymous_1)
DA:4,4
DA:11,25
DA:12,0
DA:16,25
DA:17,17
DA:19,8
DA:22,25
LF:7
LH:6
BRDA:16,0,0,17
BRDA:16,0,1,8
BRDA:28,1,0,0
BRDA:28,1,1,25
BRF:4
BRH:3
end_of_record
TN:
SF:client/src/components/product-overview-module/image-gallery/image-view-thumbnails/ImageViewThumbnails.jsx
FN:5,(anonymous_0)
FN:13,(anonymous_1)
FNF:2
FNH:2
FNDA:8,(anonymous_0)
FNDA:27,(anonymous_1)
DA:5,3
DA:11,8
DA:14,27
DA:15,0
DA:16,0
DA:27,0
DA:29,27
DA:30,24
DA:31,24
DA:42,0
LF:10
LH:6
BRDA:14,0,0,0
BRDA:14,0,1,27
BRDA:15,1,0,0
BRDA:15,1,1,0
BRDA:15,2,0,0
BRDA:15,2,1,0
BRDA:29,3,0,24
BRDA:29,3,1,3
BRDA:30,4,0,24
BRDA:30,4,1,0
BRF:10
BRH:4
end_of_record
TN:
SF:client/src/components/product-overview-module/product-information/ProductInformation.jsx
FN:7,(anonymous_0)
FN:29,(anonymous_1)
FNF:2
FNH:2
FNDA:4,(anonymous_0)
FNDA:17,(anonymous_1)
DA:7,2
DA:19,4
DA:20,4
DA:21,4
DA:22,13
DA:24,4
DA:26,4
DA:30,17
LF:8
LH:8
BRDA:42,0,0,3
BRDA:42,0,1,1
BRF:2
BRH:2
end_of_record
TN:
SF:client/src/components/product-overview-module/product-information/star/Star.jsx
FN:4,(anonymous_0)
FNF:1
FNH:1
FNDA:18,(anonymous_0)
DA:4,3
DA:5,18
LF:2
LH:2
BRF:0
BRH:0
end_of_record
TN:
SF:client/src/components/product-overview-module/style-selector/style-select/StyleSelect.jsx
FN:6,(anonymous_0)
FN:13,(anonymous_1)
FNF:2
FNH:2
FNDA:4,(anonymous_0)
FNDA:6,(anonymous_1)
DA:6,2
DA:7,4
DA:14,6
LF:3
LH:3
BRF:0
BRH:0
end_of_record
TN:
SF:client/src/components/product-overview-module/style-selector/style-select-item/StyleSelectItem.jsx
FN:6,(anonymous_0)
FN:8,(anonymous_1)
FNF:2
FNH:1
FNDA:9,(anonymous_0)
FNDA:0,(anonymous_1)
DA:6,3
DA:7,9
DA:8,9
DA:9,0
DA:12,9
LF:5
LH:4
BRDA:14,0,0,7
BRDA:14,0,1,2
BRF:2
BRH:2
end_of_record
